{"C:\\Users\\krish\\OneDrive\\Desktop\\Food Delivery\\Frontend\\src\\App.jsx": {"path":"C:\\Users\\krish\\OneDrive\\Desktop\\Food Delivery\\Frontend\\src\\App.jsx","all":false,"statementMap":{"0":{"start":{"line":1,"column":0},"end":{"line":1,"column":40}},"1":{"start":{"line":2,"column":0},"end":{"line":2,"column":48}},"2":{"start":{"line":3,"column":0},"end":{"line":3,"column":49}},"3":{"start":{"line":4,"column":0},"end":{"line":4,"column":37}},"4":{"start":{"line":5,"column":0},"end":{"line":5,"column":37}},"5":{"start":{"line":6,"column":0},"end":{"line":6,"column":55}},"6":{"start":{"line":7,"column":0},"end":{"line":7,"column":48}},"7":{"start":{"line":8,"column":0},"end":{"line":8,"column":60}},"8":{"start":{"line":9,"column":0},"end":{"line":9,"column":43}},"9":{"start":{"line":10,"column":0},"end":{"line":10,"column":49}},"11":{"start":{"line":12,"column":0},"end":{"line":12,"column":19}},"12":{"start":{"line":13,"column":0},"end":{"line":13,"column":52}},"13":{"start":{"line":14,"column":0},"end":{"line":14,"column":10}},"14":{"start":{"line":15,"column":0},"end":{"line":15,"column":6}},"15":{"start":{"line":16,"column":0},"end":{"line":16,"column":70}},"16":{"start":{"line":17,"column":0},"end":{"line":17,"column":27}},"17":{"start":{"line":18,"column":0},"end":{"line":18,"column":46}},"18":{"start":{"line":19,"column":0},"end":{"line":19,"column":16}},"19":{"start":{"line":20,"column":0},"end":{"line":20,"column":47}},"20":{"start":{"line":21,"column":0},"end":{"line":21,"column":51}},"21":{"start":{"line":22,"column":0},"end":{"line":22,"column":58}},"22":{"start":{"line":23,"column":0},"end":{"line":23,"column":55}},"23":{"start":{"line":24,"column":0},"end":{"line":24,"column":59}},"24":{"start":{"line":25,"column":0},"end":{"line":25,"column":17}},"25":{"start":{"line":26,"column":0},"end":{"line":26,"column":12}},"26":{"start":{"line":27,"column":0},"end":{"line":27,"column":16}},"27":{"start":{"line":28,"column":0},"end":{"line":28,"column":7}},"29":{"start":{"line":30,"column":0},"end":{"line":30,"column":2}},"31":{"start":{"line":32,"column":0},"end":{"line":32,"column":19}}},"s":{"0":1,"1":1,"2":1,"3":1,"4":1,"5":1,"6":1,"7":1,"8":1,"9":1,"11":1,"12":12,"13":12,"14":12,"15":12,"16":12,"17":12,"18":12,"19":12,"20":12,"21":12,"22":12,"23":12,"24":12,"25":12,"26":12,"27":12,"29":12,"31":1},"branchMap":{"0":{"type":"branch","line":12,"loc":{"start":{"line":12,"column":12},"end":{"line":30,"column":2}},"locations":[{"start":{"line":12,"column":12},"end":{"line":30,"column":2}}]},"1":{"type":"branch","line":16,"loc":{"start":{"line":16,"column":7},"end":{"line":16,"column":64}},"locations":[{"start":{"line":16,"column":7},"end":{"line":16,"column":64}}]},"2":{"type":"branch","line":16,"loc":{"start":{"line":16,"column":59},"end":{"line":16,"column":70}},"locations":[{"start":{"line":16,"column":59},"end":{"line":16,"column":70}}]}},"b":{"0":[12],"1":[4],"2":[8]},"fnMap":{"0":{"name":"App","decl":{"start":{"line":12,"column":12},"end":{"line":30,"column":2}},"loc":{"start":{"line":12,"column":12},"end":{"line":30,"column":2}},"line":12}},"f":{"0":12}}
,"C:\\Users\\krish\\OneDrive\\Desktop\\Food Delivery\\Frontend\\src\\main.jsx": {"path":"C:\\Users\\krish\\OneDrive\\Desktop\\Food Delivery\\Frontend\\src\\main.jsx","all":true,"statementMap":{"0":{"start":{"line":1,"column":0},"end":{"line":1,"column":26}},"1":{"start":{"line":2,"column":0},"end":{"line":2,"column":40}},"2":{"start":{"line":3,"column":0},"end":{"line":3,"column":28}},"3":{"start":{"line":4,"column":0},"end":{"line":4,"column":21}},"4":{"start":{"line":5,"column":0},"end":{"line":5,"column":49}},"5":{"start":{"line":6,"column":0},"end":{"line":6,"column":62}},"7":{"start":{"line":8,"column":0},"end":{"line":8,"column":60}},"8":{"start":{"line":9,"column":0},"end":{"line":9,"column":17}},"9":{"start":{"line":10,"column":0},"end":{"line":10,"column":26}},"10":{"start":{"line":11,"column":0},"end":{"line":11,"column":13}},"11":{"start":{"line":12,"column":0},"end":{"line":12,"column":27}},"12":{"start":{"line":13,"column":0},"end":{"line":13,"column":18}},"13":{"start":{"line":14,"column":0},"end":{"line":14,"column":2}}},"s":{"0":0,"1":0,"2":0,"3":0,"4":0,"5":0,"7":0,"8":0,"9":0,"10":0,"11":0,"12":0,"13":0},"branchMap":{"0":{"type":"branch","line":1,"loc":{"start":{"line":1,"column":402},"end":{"line":14,"column":2}},"locations":[{"start":{"line":1,"column":402},"end":{"line":14,"column":2}}]}},"b":{"0":[0]},"fnMap":{"0":{"name":"(empty-report)","decl":{"start":{"line":1,"column":402},"end":{"line":14,"column":2}},"loc":{"start":{"line":1,"column":402},"end":{"line":14,"column":2}},"line":1}},"f":{"0":0}}
,"C:\\Users\\krish\\OneDrive\\Desktop\\Food Delivery\\Frontend\\src\\assets\\assets.js": {"path":"C:\\Users\\krish\\OneDrive\\Desktop\\Food Delivery\\Frontend\\src\\assets\\assets.js","all":false,"statementMap":{"0":{"start":{"line":1,"column":0},"end":{"line":1,"column":56}},"1":{"start":{"line":2,"column":0},"end":{"line":2,"column":58}},"2":{"start":{"line":3,"column":0},"end":{"line":3,"column":59}},"3":{"start":{"line":4,"column":0},"end":{"line":4,"column":63}},"4":{"start":{"line":5,"column":0},"end":{"line":5,"column":51}},"5":{"start":{"line":6,"column":0},"end":{"line":6,"column":51}},"6":{"start":{"line":7,"column":0},"end":{"line":7,"column":51}},"7":{"start":{"line":8,"column":0},"end":{"line":8,"column":51}},"8":{"start":{"line":9,"column":0},"end":{"line":9,"column":51}},"9":{"start":{"line":10,"column":0},"end":{"line":10,"column":51}},"10":{"start":{"line":11,"column":0},"end":{"line":11,"column":51}},"11":{"start":{"line":12,"column":0},"end":{"line":12,"column":51}},"12":{"start":{"line":13,"column":0},"end":{"line":13,"column":0}},"13":{"start":{"line":14,"column":0},"end":{"line":14,"column":51}},"14":{"start":{"line":15,"column":0},"end":{"line":15,"column":51}},"15":{"start":{"line":16,"column":0},"end":{"line":16,"column":51}},"16":{"start":{"line":17,"column":0},"end":{"line":17,"column":51}},"17":{"start":{"line":18,"column":0},"end":{"line":18,"column":51}},"18":{"start":{"line":19,"column":0},"end":{"line":19,"column":51}},"19":{"start":{"line":20,"column":0},"end":{"line":20,"column":51}},"20":{"start":{"line":21,"column":0},"end":{"line":21,"column":51}},"21":{"start":{"line":22,"column":0},"end":{"line":22,"column":51}},"22":{"start":{"line":23,"column":0},"end":{"line":23,"column":53}},"23":{"start":{"line":24,"column":0},"end":{"line":24,"column":53}},"24":{"start":{"line":25,"column":0},"end":{"line":25,"column":53}},"25":{"start":{"line":26,"column":0},"end":{"line":26,"column":53}},"26":{"start":{"line":27,"column":0},"end":{"line":27,"column":53}},"27":{"start":{"line":28,"column":0},"end":{"line":28,"column":53}},"28":{"start":{"line":29,"column":0},"end":{"line":29,"column":53}},"29":{"start":{"line":30,"column":0},"end":{"line":30,"column":53}},"30":{"start":{"line":31,"column":0},"end":{"line":31,"column":53}},"31":{"start":{"line":32,"column":0},"end":{"line":32,"column":53}},"32":{"start":{"line":33,"column":0},"end":{"line":33,"column":53}},"33":{"start":{"line":34,"column":0},"end":{"line":34,"column":53}},"34":{"start":{"line":35,"column":0},"end":{"line":35,"column":53}},"35":{"start":{"line":36,"column":0},"end":{"line":36,"column":53}},"36":{"start":{"line":37,"column":0},"end":{"line":37,"column":53}},"37":{"start":{"line":38,"column":0},"end":{"line":38,"column":53}},"38":{"start":{"line":39,"column":0},"end":{"line":39,"column":53}},"39":{"start":{"line":40,"column":0},"end":{"line":40,"column":53}},"40":{"start":{"line":41,"column":0},"end":{"line":41,"column":53}},"41":{"start":{"line":42,"column":0},"end":{"line":42,"column":53}},"42":{"start":{"line":43,"column":0},"end":{"line":43,"column":53}},"43":{"start":{"line":44,"column":0},"end":{"line":44,"column":53}},"44":{"start":{"line":45,"column":0},"end":{"line":45,"column":53}},"45":{"start":{"line":46,"column":0},"end":{"line":46,"column":0}},"46":{"start":{"line":47,"column":0},"end":{"line":47,"column":67}},"47":{"start":{"line":48,"column":0},"end":{"line":48,"column":67}},"48":{"start":{"line":49,"column":0},"end":{"line":49,"column":69}},"49":{"start":{"line":50,"column":0},"end":{"line":50,"column":57}},"50":{"start":{"line":51,"column":0},"end":{"line":51,"column":59}},"51":{"start":{"line":52,"column":0},"end":{"line":52,"column":65}},"52":{"start":{"line":53,"column":0},"end":{"line":53,"column":65}},"53":{"start":{"line":54,"column":0},"end":{"line":54,"column":63}},"54":{"start":{"line":55,"column":0},"end":{"line":55,"column":59}},"55":{"start":{"line":56,"column":0},"end":{"line":56,"column":65}},"56":{"start":{"line":57,"column":0},"end":{"line":57,"column":65}},"57":{"start":{"line":58,"column":0},"end":{"line":58,"column":63}},"58":{"start":{"line":59,"column":0},"end":{"line":59,"column":55}},"59":{"start":{"line":60,"column":0},"end":{"line":60,"column":61}},"60":{"start":{"line":61,"column":0},"end":{"line":61,"column":61}},"61":{"start":{"line":62,"column":0},"end":{"line":62,"column":0}},"62":{"start":{"line":63,"column":0},"end":{"line":63,"column":23}},"63":{"start":{"line":64,"column":0},"end":{"line":64,"column":7}},"64":{"start":{"line":65,"column":0},"end":{"line":65,"column":14}},"65":{"start":{"line":66,"column":0},"end":{"line":66,"column":13}},"66":{"start":{"line":67,"column":0},"end":{"line":67,"column":14}},"67":{"start":{"line":68,"column":0},"end":{"line":68,"column":16}},"68":{"start":{"line":69,"column":0},"end":{"line":69,"column":17}},"69":{"start":{"line":70,"column":0},"end":{"line":70,"column":17}},"70":{"start":{"line":71,"column":0},"end":{"line":71,"column":18}},"71":{"start":{"line":72,"column":0},"end":{"line":72,"column":12}},"72":{"start":{"line":73,"column":0},"end":{"line":73,"column":13}},"73":{"start":{"line":74,"column":0},"end":{"line":74,"column":16}},"74":{"start":{"line":75,"column":0},"end":{"line":75,"column":16}},"75":{"start":{"line":76,"column":0},"end":{"line":76,"column":15}},"76":{"start":{"line":77,"column":0},"end":{"line":77,"column":13}},"77":{"start":{"line":78,"column":0},"end":{"line":78,"column":16}},"78":{"start":{"line":79,"column":0},"end":{"line":79,"column":15}},"79":{"start":{"line":80,"column":0},"end":{"line":80,"column":14}},"80":{"start":{"line":81,"column":0},"end":{"line":81,"column":11}},"81":{"start":{"line":82,"column":0},"end":{"line":82,"column":14}},"82":{"start":{"line":83,"column":0},"end":{"line":83,"column":2}},"83":{"start":{"line":84,"column":0},"end":{"line":84,"column":0}},"84":{"start":{"line":85,"column":0},"end":{"line":85,"column":26}},"85":{"start":{"line":86,"column":0},"end":{"line":86,"column":3}},"86":{"start":{"line":87,"column":0},"end":{"line":87,"column":23}},"87":{"start":{"line":88,"column":0},"end":{"line":88,"column":23}},"88":{"start":{"line":89,"column":0},"end":{"line":89,"column":4}},"89":{"start":{"line":90,"column":0},"end":{"line":90,"column":3}},"90":{"start":{"line":91,"column":0},"end":{"line":91,"column":23}},"91":{"start":{"line":92,"column":0},"end":{"line":92,"column":23}},"92":{"start":{"line":93,"column":0},"end":{"line":93,"column":4}},"93":{"start":{"line":94,"column":0},"end":{"line":94,"column":3}},"94":{"start":{"line":95,"column":0},"end":{"line":95,"column":26}},"95":{"start":{"line":96,"column":0},"end":{"line":96,"column":23}},"96":{"start":{"line":97,"column":0},"end":{"line":97,"column":4}},"97":{"start":{"line":98,"column":0},"end":{"line":98,"column":3}},"98":{"start":{"line":99,"column":0},"end":{"line":99,"column":26}},"99":{"start":{"line":100,"column":0},"end":{"line":100,"column":23}},"100":{"start":{"line":101,"column":0},"end":{"line":101,"column":4}},"101":{"start":{"line":102,"column":0},"end":{"line":102,"column":3}},"102":{"start":{"line":103,"column":0},"end":{"line":103,"column":22}},"103":{"start":{"line":104,"column":0},"end":{"line":104,"column":23}},"104":{"start":{"line":105,"column":0},"end":{"line":105,"column":4}},"105":{"start":{"line":106,"column":0},"end":{"line":106,"column":3}},"106":{"start":{"line":107,"column":0},"end":{"line":107,"column":26}},"107":{"start":{"line":108,"column":0},"end":{"line":108,"column":23}},"108":{"start":{"line":109,"column":0},"end":{"line":109,"column":4}},"109":{"start":{"line":110,"column":0},"end":{"line":110,"column":3}},"110":{"start":{"line":111,"column":0},"end":{"line":111,"column":23}},"111":{"start":{"line":112,"column":0},"end":{"line":112,"column":23}},"112":{"start":{"line":113,"column":0},"end":{"line":113,"column":4}},"113":{"start":{"line":114,"column":0},"end":{"line":114,"column":3}},"114":{"start":{"line":115,"column":0},"end":{"line":115,"column":25}},"115":{"start":{"line":116,"column":0},"end":{"line":116,"column":23}},"116":{"start":{"line":117,"column":0},"end":{"line":117,"column":4}},"117":{"start":{"line":118,"column":0},"end":{"line":118,"column":2}},"118":{"start":{"line":119,"column":0},"end":{"line":119,"column":0}},"119":{"start":{"line":120,"column":0},"end":{"line":120,"column":26}},"120":{"start":{"line":121,"column":0},"end":{"line":121,"column":3}},"121":{"start":{"line":122,"column":0},"end":{"line":122,"column":13}},"122":{"start":{"line":123,"column":0},"end":{"line":123,"column":24}},"123":{"start":{"line":124,"column":0},"end":{"line":124,"column":18}},"124":{"start":{"line":125,"column":0},"end":{"line":125,"column":14}},"125":{"start":{"line":126,"column":0},"end":{"line":126,"column":16}},"126":{"start":{"line":127,"column":0},"end":{"line":127,"column":76}},"127":{"start":{"line":128,"column":0},"end":{"line":128,"column":22}},"128":{"start":{"line":129,"column":0},"end":{"line":129,"column":4}},"129":{"start":{"line":130,"column":0},"end":{"line":130,"column":3}},"130":{"start":{"line":131,"column":0},"end":{"line":131,"column":13}},"131":{"start":{"line":132,"column":0},"end":{"line":132,"column":22}},"132":{"start":{"line":133,"column":0},"end":{"line":133,"column":18}},"133":{"start":{"line":134,"column":0},"end":{"line":134,"column":14}},"134":{"start":{"line":135,"column":0},"end":{"line":135,"column":16}},"135":{"start":{"line":136,"column":0},"end":{"line":136,"column":76}},"136":{"start":{"line":137,"column":0},"end":{"line":137,"column":22}},"137":{"start":{"line":138,"column":0},"end":{"line":138,"column":4}},"138":{"start":{"line":139,"column":0},"end":{"line":139,"column":3}},"139":{"start":{"line":140,"column":0},"end":{"line":140,"column":13}},"140":{"start":{"line":141,"column":0},"end":{"line":141,"column":25}},"141":{"start":{"line":142,"column":0},"end":{"line":142,"column":18}},"142":{"start":{"line":143,"column":0},"end":{"line":143,"column":14}},"143":{"start":{"line":144,"column":0},"end":{"line":144,"column":16}},"144":{"start":{"line":145,"column":0},"end":{"line":145,"column":76}},"145":{"start":{"line":146,"column":0},"end":{"line":146,"column":22}},"146":{"start":{"line":147,"column":0},"end":{"line":147,"column":4}},"147":{"start":{"line":148,"column":0},"end":{"line":148,"column":3}},"148":{"start":{"line":149,"column":0},"end":{"line":149,"column":13}},"149":{"start":{"line":150,"column":0},"end":{"line":150,"column":26}},"150":{"start":{"line":151,"column":0},"end":{"line":151,"column":18}},"151":{"start":{"line":152,"column":0},"end":{"line":152,"column":14}},"152":{"start":{"line":153,"column":0},"end":{"line":153,"column":16}},"153":{"start":{"line":154,"column":0},"end":{"line":154,"column":76}},"154":{"start":{"line":155,"column":0},"end":{"line":155,"column":22}},"155":{"start":{"line":156,"column":0},"end":{"line":156,"column":4}},"156":{"start":{"line":157,"column":0},"end":{"line":157,"column":3}},"157":{"start":{"line":158,"column":0},"end":{"line":158,"column":13}},"158":{"start":{"line":159,"column":0},"end":{"line":159,"column":26}},"159":{"start":{"line":160,"column":0},"end":{"line":160,"column":18}},"160":{"start":{"line":161,"column":0},"end":{"line":161,"column":14}},"161":{"start":{"line":162,"column":0},"end":{"line":162,"column":16}},"162":{"start":{"line":163,"column":0},"end":{"line":163,"column":76}},"163":{"start":{"line":164,"column":0},"end":{"line":164,"column":22}},"164":{"start":{"line":165,"column":0},"end":{"line":165,"column":4}},"165":{"start":{"line":166,"column":0},"end":{"line":166,"column":3}},"166":{"start":{"line":167,"column":0},"end":{"line":167,"column":13}},"167":{"start":{"line":168,"column":0},"end":{"line":168,"column":28}},"168":{"start":{"line":169,"column":0},"end":{"line":169,"column":18}},"169":{"start":{"line":170,"column":0},"end":{"line":170,"column":14}},"170":{"start":{"line":171,"column":0},"end":{"line":171,"column":16}},"171":{"start":{"line":172,"column":0},"end":{"line":172,"column":76}},"172":{"start":{"line":173,"column":0},"end":{"line":173,"column":22}},"173":{"start":{"line":174,"column":0},"end":{"line":174,"column":4}},"174":{"start":{"line":175,"column":0},"end":{"line":175,"column":3}},"175":{"start":{"line":176,"column":0},"end":{"line":176,"column":13}},"176":{"start":{"line":177,"column":0},"end":{"line":177,"column":26}},"177":{"start":{"line":178,"column":0},"end":{"line":178,"column":18}},"178":{"start":{"line":179,"column":0},"end":{"line":179,"column":14}},"179":{"start":{"line":180,"column":0},"end":{"line":180,"column":16}},"180":{"start":{"line":181,"column":0},"end":{"line":181,"column":76}},"181":{"start":{"line":182,"column":0},"end":{"line":182,"column":22}},"182":{"start":{"line":183,"column":0},"end":{"line":183,"column":4}},"183":{"start":{"line":184,"column":0},"end":{"line":184,"column":3}},"184":{"start":{"line":185,"column":0},"end":{"line":185,"column":13}},"185":{"start":{"line":186,"column":0},"end":{"line":186,"column":22}},"186":{"start":{"line":187,"column":0},"end":{"line":187,"column":18}},"187":{"start":{"line":188,"column":0},"end":{"line":188,"column":14}},"188":{"start":{"line":189,"column":0},"end":{"line":189,"column":16}},"189":{"start":{"line":190,"column":0},"end":{"line":190,"column":76}},"190":{"start":{"line":191,"column":0},"end":{"line":191,"column":22}},"191":{"start":{"line":192,"column":0},"end":{"line":192,"column":4}},"192":{"start":{"line":193,"column":0},"end":{"line":193,"column":3}},"193":{"start":{"line":194,"column":0},"end":{"line":194,"column":13}},"194":{"start":{"line":195,"column":0},"end":{"line":195,"column":29}},"195":{"start":{"line":196,"column":0},"end":{"line":196,"column":18}},"196":{"start":{"line":197,"column":0},"end":{"line":197,"column":14}},"197":{"start":{"line":198,"column":0},"end":{"line":198,"column":16}},"198":{"start":{"line":199,"column":0},"end":{"line":199,"column":76}},"199":{"start":{"line":200,"column":0},"end":{"line":200,"column":25}},"200":{"start":{"line":201,"column":0},"end":{"line":201,"column":4}},"201":{"start":{"line":202,"column":0},"end":{"line":202,"column":3}},"202":{"start":{"line":203,"column":0},"end":{"line":203,"column":14}},"203":{"start":{"line":204,"column":0},"end":{"line":204,"column":28}},"204":{"start":{"line":205,"column":0},"end":{"line":205,"column":19}},"205":{"start":{"line":206,"column":0},"end":{"line":206,"column":14}},"206":{"start":{"line":207,"column":0},"end":{"line":207,"column":16}},"207":{"start":{"line":208,"column":0},"end":{"line":208,"column":76}},"208":{"start":{"line":209,"column":0},"end":{"line":209,"column":25}},"209":{"start":{"line":210,"column":0},"end":{"line":210,"column":4}},"210":{"start":{"line":211,"column":0},"end":{"line":211,"column":3}},"211":{"start":{"line":212,"column":0},"end":{"line":212,"column":14}},"212":{"start":{"line":213,"column":0},"end":{"line":213,"column":26}},"213":{"start":{"line":214,"column":0},"end":{"line":214,"column":19}},"214":{"start":{"line":215,"column":0},"end":{"line":215,"column":14}},"215":{"start":{"line":216,"column":0},"end":{"line":216,"column":16}},"216":{"start":{"line":217,"column":0},"end":{"line":217,"column":76}},"217":{"start":{"line":218,"column":0},"end":{"line":218,"column":25}},"218":{"start":{"line":219,"column":0},"end":{"line":219,"column":4}},"219":{"start":{"line":220,"column":0},"end":{"line":220,"column":3}},"220":{"start":{"line":221,"column":0},"end":{"line":221,"column":14}},"221":{"start":{"line":222,"column":0},"end":{"line":222,"column":30}},"222":{"start":{"line":223,"column":0},"end":{"line":223,"column":19}},"223":{"start":{"line":224,"column":0},"end":{"line":224,"column":14}},"224":{"start":{"line":225,"column":0},"end":{"line":225,"column":16}},"225":{"start":{"line":226,"column":0},"end":{"line":226,"column":76}},"226":{"start":{"line":227,"column":0},"end":{"line":227,"column":25}},"227":{"start":{"line":228,"column":0},"end":{"line":228,"column":4}},"228":{"start":{"line":229,"column":0},"end":{"line":229,"column":3}},"229":{"start":{"line":230,"column":0},"end":{"line":230,"column":14}},"230":{"start":{"line":231,"column":0},"end":{"line":231,"column":29}},"231":{"start":{"line":232,"column":0},"end":{"line":232,"column":19}},"232":{"start":{"line":233,"column":0},"end":{"line":233,"column":14}},"233":{"start":{"line":234,"column":0},"end":{"line":234,"column":16}},"234":{"start":{"line":235,"column":0},"end":{"line":235,"column":76}},"235":{"start":{"line":236,"column":0},"end":{"line":236,"column":25}},"236":{"start":{"line":237,"column":0},"end":{"line":237,"column":4}},"237":{"start":{"line":238,"column":0},"end":{"line":238,"column":3}},"238":{"start":{"line":239,"column":0},"end":{"line":239,"column":14}},"239":{"start":{"line":240,"column":0},"end":{"line":240,"column":27}},"240":{"start":{"line":241,"column":0},"end":{"line":241,"column":19}},"241":{"start":{"line":242,"column":0},"end":{"line":242,"column":14}},"242":{"start":{"line":243,"column":0},"end":{"line":243,"column":16}},"243":{"start":{"line":244,"column":0},"end":{"line":244,"column":76}},"244":{"start":{"line":245,"column":0},"end":{"line":245,"column":25}},"245":{"start":{"line":246,"column":0},"end":{"line":246,"column":4}},"246":{"start":{"line":247,"column":0},"end":{"line":247,"column":3}},"247":{"start":{"line":248,"column":0},"end":{"line":248,"column":14}},"248":{"start":{"line":249,"column":0},"end":{"line":249,"column":29}},"249":{"start":{"line":250,"column":0},"end":{"line":250,"column":19}},"250":{"start":{"line":251,"column":0},"end":{"line":251,"column":14}},"251":{"start":{"line":252,"column":0},"end":{"line":252,"column":16}},"252":{"start":{"line":253,"column":0},"end":{"line":253,"column":76}},"253":{"start":{"line":254,"column":0},"end":{"line":254,"column":25}},"254":{"start":{"line":255,"column":0},"end":{"line":255,"column":4}},"255":{"start":{"line":256,"column":0},"end":{"line":256,"column":3}},"256":{"start":{"line":257,"column":0},"end":{"line":257,"column":14}},"257":{"start":{"line":258,"column":0},"end":{"line":258,"column":27}},"258":{"start":{"line":259,"column":0},"end":{"line":259,"column":19}},"259":{"start":{"line":260,"column":0},"end":{"line":260,"column":14}},"260":{"start":{"line":261,"column":0},"end":{"line":261,"column":16}},"261":{"start":{"line":262,"column":0},"end":{"line":262,"column":76}},"262":{"start":{"line":263,"column":0},"end":{"line":263,"column":25}},"263":{"start":{"line":264,"column":0},"end":{"line":264,"column":4}},"264":{"start":{"line":265,"column":0},"end":{"line":265,"column":3}},"265":{"start":{"line":266,"column":0},"end":{"line":266,"column":14}},"266":{"start":{"line":267,"column":0},"end":{"line":267,"column":21}},"267":{"start":{"line":268,"column":0},"end":{"line":268,"column":19}},"268":{"start":{"line":269,"column":0},"end":{"line":269,"column":14}},"269":{"start":{"line":270,"column":0},"end":{"line":270,"column":16}},"270":{"start":{"line":271,"column":0},"end":{"line":271,"column":76}},"271":{"start":{"line":272,"column":0},"end":{"line":272,"column":21}},"272":{"start":{"line":273,"column":0},"end":{"line":273,"column":4}},"273":{"start":{"line":274,"column":0},"end":{"line":274,"column":3}},"274":{"start":{"line":275,"column":0},"end":{"line":275,"column":14}},"275":{"start":{"line":276,"column":0},"end":{"line":276,"column":23}},"276":{"start":{"line":277,"column":0},"end":{"line":277,"column":19}},"277":{"start":{"line":278,"column":0},"end":{"line":278,"column":14}},"278":{"start":{"line":279,"column":0},"end":{"line":279,"column":16}},"279":{"start":{"line":280,"column":0},"end":{"line":280,"column":76}},"280":{"start":{"line":281,"column":0},"end":{"line":281,"column":21}},"281":{"start":{"line":282,"column":0},"end":{"line":282,"column":4}},"282":{"start":{"line":283,"column":0},"end":{"line":283,"column":3}},"283":{"start":{"line":284,"column":0},"end":{"line":284,"column":14}},"284":{"start":{"line":285,"column":0},"end":{"line":285,"column":30}},"285":{"start":{"line":286,"column":0},"end":{"line":286,"column":19}},"286":{"start":{"line":287,"column":0},"end":{"line":287,"column":14}},"287":{"start":{"line":288,"column":0},"end":{"line":288,"column":16}},"288":{"start":{"line":289,"column":0},"end":{"line":289,"column":76}},"289":{"start":{"line":290,"column":0},"end":{"line":290,"column":21}},"290":{"start":{"line":291,"column":0},"end":{"line":291,"column":4}},"291":{"start":{"line":292,"column":0},"end":{"line":292,"column":3}},"292":{"start":{"line":293,"column":0},"end":{"line":293,"column":14}},"293":{"start":{"line":294,"column":0},"end":{"line":294,"column":24}},"294":{"start":{"line":295,"column":0},"end":{"line":295,"column":19}},"295":{"start":{"line":296,"column":0},"end":{"line":296,"column":14}},"296":{"start":{"line":297,"column":0},"end":{"line":297,"column":16}},"297":{"start":{"line":298,"column":0},"end":{"line":298,"column":76}},"298":{"start":{"line":299,"column":0},"end":{"line":299,"column":21}},"299":{"start":{"line":300,"column":0},"end":{"line":300,"column":4}},"300":{"start":{"line":301,"column":0},"end":{"line":301,"column":3}},"301":{"start":{"line":302,"column":0},"end":{"line":302,"column":14}},"302":{"start":{"line":303,"column":0},"end":{"line":303,"column":29}},"303":{"start":{"line":304,"column":0},"end":{"line":304,"column":19}},"304":{"start":{"line":305,"column":0},"end":{"line":305,"column":14}},"305":{"start":{"line":306,"column":0},"end":{"line":306,"column":16}},"306":{"start":{"line":307,"column":0},"end":{"line":307,"column":76}},"307":{"start":{"line":308,"column":0},"end":{"line":308,"column":25}},"308":{"start":{"line":309,"column":0},"end":{"line":309,"column":4}},"309":{"start":{"line":310,"column":0},"end":{"line":310,"column":3}},"310":{"start":{"line":311,"column":0},"end":{"line":311,"column":14}},"311":{"start":{"line":312,"column":0},"end":{"line":312,"column":30}},"312":{"start":{"line":313,"column":0},"end":{"line":313,"column":19}},"313":{"start":{"line":314,"column":0},"end":{"line":314,"column":14}},"314":{"start":{"line":315,"column":0},"end":{"line":315,"column":16}},"315":{"start":{"line":316,"column":0},"end":{"line":316,"column":76}},"316":{"start":{"line":317,"column":0},"end":{"line":317,"column":25}},"317":{"start":{"line":318,"column":0},"end":{"line":318,"column":4}},"318":{"start":{"line":319,"column":0},"end":{"line":319,"column":3}},"319":{"start":{"line":320,"column":0},"end":{"line":320,"column":14}},"320":{"start":{"line":321,"column":0},"end":{"line":321,"column":26}},"321":{"start":{"line":322,"column":0},"end":{"line":322,"column":19}},"322":{"start":{"line":323,"column":0},"end":{"line":323,"column":14}},"323":{"start":{"line":324,"column":0},"end":{"line":324,"column":16}},"324":{"start":{"line":325,"column":0},"end":{"line":325,"column":76}},"325":{"start":{"line":326,"column":0},"end":{"line":326,"column":25}},"326":{"start":{"line":327,"column":0},"end":{"line":327,"column":4}},"327":{"start":{"line":328,"column":0},"end":{"line":328,"column":3}},"328":{"start":{"line":329,"column":0},"end":{"line":329,"column":14}},"329":{"start":{"line":330,"column":0},"end":{"line":330,"column":26}},"330":{"start":{"line":331,"column":0},"end":{"line":331,"column":19}},"331":{"start":{"line":332,"column":0},"end":{"line":332,"column":14}},"332":{"start":{"line":333,"column":0},"end":{"line":333,"column":16}},"333":{"start":{"line":334,"column":0},"end":{"line":334,"column":76}},"334":{"start":{"line":335,"column":0},"end":{"line":335,"column":25}},"335":{"start":{"line":336,"column":0},"end":{"line":336,"column":4}},"336":{"start":{"line":337,"column":0},"end":{"line":337,"column":3}},"337":{"start":{"line":338,"column":0},"end":{"line":338,"column":14}},"338":{"start":{"line":339,"column":0},"end":{"line":339,"column":25}},"339":{"start":{"line":340,"column":0},"end":{"line":340,"column":19}},"340":{"start":{"line":341,"column":0},"end":{"line":341,"column":14}},"341":{"start":{"line":342,"column":0},"end":{"line":342,"column":16}},"342":{"start":{"line":343,"column":0},"end":{"line":343,"column":76}},"343":{"start":{"line":344,"column":0},"end":{"line":344,"column":22}},"344":{"start":{"line":345,"column":0},"end":{"line":345,"column":4}},"345":{"start":{"line":346,"column":0},"end":{"line":346,"column":3}},"346":{"start":{"line":347,"column":0},"end":{"line":347,"column":14}},"347":{"start":{"line":348,"column":0},"end":{"line":348,"column":25}},"348":{"start":{"line":349,"column":0},"end":{"line":349,"column":19}},"349":{"start":{"line":350,"column":0},"end":{"line":350,"column":14}},"350":{"start":{"line":351,"column":0},"end":{"line":351,"column":16}},"351":{"start":{"line":352,"column":0},"end":{"line":352,"column":76}},"352":{"start":{"line":353,"column":0},"end":{"line":353,"column":22}},"353":{"start":{"line":354,"column":0},"end":{"line":354,"column":4}},"354":{"start":{"line":355,"column":0},"end":{"line":355,"column":3}},"355":{"start":{"line":356,"column":0},"end":{"line":356,"column":14}},"356":{"start":{"line":357,"column":0},"end":{"line":357,"column":25}},"357":{"start":{"line":358,"column":0},"end":{"line":358,"column":19}},"358":{"start":{"line":359,"column":0},"end":{"line":359,"column":14}},"359":{"start":{"line":360,"column":0},"end":{"line":360,"column":16}},"360":{"start":{"line":361,"column":0},"end":{"line":361,"column":76}},"361":{"start":{"line":362,"column":0},"end":{"line":362,"column":22}},"362":{"start":{"line":363,"column":0},"end":{"line":363,"column":4}},"363":{"start":{"line":364,"column":0},"end":{"line":364,"column":3}},"364":{"start":{"line":365,"column":0},"end":{"line":365,"column":14}},"365":{"start":{"line":366,"column":0},"end":{"line":366,"column":26}},"366":{"start":{"line":367,"column":0},"end":{"line":367,"column":19}},"367":{"start":{"line":368,"column":0},"end":{"line":368,"column":14}},"368":{"start":{"line":369,"column":0},"end":{"line":369,"column":16}},"369":{"start":{"line":370,"column":0},"end":{"line":370,"column":76}},"370":{"start":{"line":371,"column":0},"end":{"line":371,"column":22}},"371":{"start":{"line":372,"column":0},"end":{"line":372,"column":4}},"372":{"start":{"line":373,"column":0},"end":{"line":373,"column":3}},"373":{"start":{"line":374,"column":0},"end":{"line":374,"column":14}},"374":{"start":{"line":375,"column":0},"end":{"line":375,"column":28}},"375":{"start":{"line":376,"column":0},"end":{"line":376,"column":19}},"376":{"start":{"line":377,"column":0},"end":{"line":377,"column":14}},"377":{"start":{"line":378,"column":0},"end":{"line":378,"column":16}},"378":{"start":{"line":379,"column":0},"end":{"line":379,"column":76}},"379":{"start":{"line":380,"column":0},"end":{"line":380,"column":24}},"380":{"start":{"line":381,"column":0},"end":{"line":381,"column":4}},"381":{"start":{"line":382,"column":0},"end":{"line":382,"column":3}},"382":{"start":{"line":383,"column":0},"end":{"line":383,"column":14}},"383":{"start":{"line":384,"column":0},"end":{"line":384,"column":24}},"384":{"start":{"line":385,"column":0},"end":{"line":385,"column":19}},"385":{"start":{"line":386,"column":0},"end":{"line":386,"column":14}},"386":{"start":{"line":387,"column":0},"end":{"line":387,"column":16}},"387":{"start":{"line":388,"column":0},"end":{"line":388,"column":76}},"388":{"start":{"line":389,"column":0},"end":{"line":389,"column":24}},"389":{"start":{"line":390,"column":0},"end":{"line":390,"column":4}},"390":{"start":{"line":391,"column":0},"end":{"line":391,"column":3}},"391":{"start":{"line":392,"column":0},"end":{"line":392,"column":14}},"392":{"start":{"line":393,"column":0},"end":{"line":393,"column":26}},"393":{"start":{"line":394,"column":0},"end":{"line":394,"column":19}},"394":{"start":{"line":395,"column":0},"end":{"line":395,"column":14}},"395":{"start":{"line":396,"column":0},"end":{"line":396,"column":16}},"396":{"start":{"line":397,"column":0},"end":{"line":397,"column":76}},"397":{"start":{"line":398,"column":0},"end":{"line":398,"column":24}},"398":{"start":{"line":399,"column":0},"end":{"line":399,"column":4}},"399":{"start":{"line":400,"column":0},"end":{"line":400,"column":3}},"400":{"start":{"line":401,"column":0},"end":{"line":401,"column":14}},"401":{"start":{"line":402,"column":0},"end":{"line":402,"column":27}},"402":{"start":{"line":403,"column":0},"end":{"line":403,"column":19}},"403":{"start":{"line":404,"column":0},"end":{"line":404,"column":14}},"404":{"start":{"line":405,"column":0},"end":{"line":405,"column":16}},"405":{"start":{"line":406,"column":0},"end":{"line":406,"column":76}},"406":{"start":{"line":407,"column":0},"end":{"line":407,"column":24}},"407":{"start":{"line":408,"column":0},"end":{"line":408,"column":4}},"408":{"start":{"line":409,"column":0},"end":{"line":409,"column":2}}},"s":{"0":1,"1":1,"2":1,"3":1,"4":1,"5":1,"6":1,"7":1,"8":1,"9":1,"10":1,"11":1,"12":1,"13":1,"14":1,"15":1,"16":1,"17":1,"18":1,"19":1,"20":1,"21":1,"22":1,"23":1,"24":1,"25":1,"26":1,"27":1,"28":1,"29":1,"30":1,"31":1,"32":1,"33":1,"34":1,"35":1,"36":1,"37":1,"38":1,"39":1,"40":1,"41":1,"42":1,"43":1,"44":1,"45":1,"46":1,"47":1,"48":1,"49":1,"50":1,"51":1,"52":1,"53":1,"54":1,"55":1,"56":1,"57":1,"58":1,"59":1,"60":1,"61":1,"62":1,"63":1,"64":1,"65":1,"66":1,"67":1,"68":1,"69":1,"70":1,"71":1,"72":1,"73":1,"74":1,"75":1,"76":1,"77":1,"78":1,"79":1,"80":1,"81":1,"82":1,"83":1,"84":1,"85":1,"86":1,"87":1,"88":1,"89":1,"90":1,"91":1,"92":1,"93":1,"94":1,"95":1,"96":1,"97":1,"98":1,"99":1,"100":1,"101":1,"102":1,"103":1,"104":1,"105":1,"106":1,"107":1,"108":1,"109":1,"110":1,"111":1,"112":1,"113":1,"114":1,"115":1,"116":1,"117":1,"118":1,"119":1,"120":1,"121":1,"122":1,"123":1,"124":1,"125":1,"126":1,"127":1,"128":1,"129":1,"130":1,"131":1,"132":1,"133":1,"134":1,"135":1,"136":1,"137":1,"138":1,"139":1,"140":1,"141":1,"142":1,"143":1,"144":1,"145":1,"146":1,"147":1,"148":1,"149":1,"150":1,"151":1,"152":1,"153":1,"154":1,"155":1,"156":1,"157":1,"158":1,"159":1,"160":1,"161":1,"162":1,"163":1,"164":1,"165":1,"166":1,"167":1,"168":1,"169":1,"170":1,"171":1,"172":1,"173":1,"174":1,"175":1,"176":1,"177":1,"178":1,"179":1,"180":1,"181":1,"182":1,"183":1,"184":1,"185":1,"186":1,"187":1,"188":1,"189":1,"190":1,"191":1,"192":1,"193":1,"194":1,"195":1,"196":1,"197":1,"198":1,"199":1,"200":1,"201":1,"202":1,"203":1,"204":1,"205":1,"206":1,"207":1,"208":1,"209":1,"210":1,"211":1,"212":1,"213":1,"214":1,"215":1,"216":1,"217":1,"218":1,"219":1,"220":1,"221":1,"222":1,"223":1,"224":1,"225":1,"226":1,"227":1,"228":1,"229":1,"230":1,"231":1,"232":1,"233":1,"234":1,"235":1,"236":1,"237":1,"238":1,"239":1,"240":1,"241":1,"242":1,"243":1,"244":1,"245":1,"246":1,"247":1,"248":1,"249":1,"250":1,"251":1,"252":1,"253":1,"254":1,"255":1,"256":1,"257":1,"258":1,"259":1,"260":1,"261":1,"262":1,"263":1,"264":1,"265":1,"266":1,"267":1,"268":1,"269":1,"270":1,"271":1,"272":1,"273":1,"274":1,"275":1,"276":1,"277":1,"278":1,"279":1,"280":1,"281":1,"282":1,"283":1,"284":1,"285":1,"286":1,"287":1,"288":1,"289":1,"290":1,"291":1,"292":1,"293":1,"294":1,"295":1,"296":1,"297":1,"298":1,"299":1,"300":1,"301":1,"302":1,"303":1,"304":1,"305":1,"306":1,"307":1,"308":1,"309":1,"310":1,"311":1,"312":1,"313":1,"314":1,"315":1,"316":1,"317":1,"318":1,"319":1,"320":1,"321":1,"322":1,"323":1,"324":1,"325":1,"326":1,"327":1,"328":1,"329":1,"330":1,"331":1,"332":1,"333":1,"334":1,"335":1,"336":1,"337":1,"338":1,"339":1,"340":1,"341":1,"342":1,"343":1,"344":1,"345":1,"346":1,"347":1,"348":1,"349":1,"350":1,"351":1,"352":1,"353":1,"354":1,"355":1,"356":1,"357":1,"358":1,"359":1,"360":1,"361":1,"362":1,"363":1,"364":1,"365":1,"366":1,"367":1,"368":1,"369":1,"370":1,"371":1,"372":1,"373":1,"374":1,"375":1,"376":1,"377":1,"378":1,"379":1,"380":1,"381":1,"382":1,"383":1,"384":1,"385":1,"386":1,"387":1,"388":1,"389":1,"390":1,"391":1,"392":1,"393":1,"394":1,"395":1,"396":1,"397":1,"398":1,"399":1,"400":1,"401":1,"402":1,"403":1,"404":1,"405":1,"406":1,"407":1,"408":1},"branchMap":{},"b":{},"fnMap":{},"f":{}}
,"C:\\Users\\krish\\OneDrive\\Desktop\\Food Delivery\\Frontend\\src\\components\\AppDownload\\AppDownload.jsx": {"path":"C:\\Users\\krish\\OneDrive\\Desktop\\Food Delivery\\Frontend\\src\\components\\AppDownload\\AppDownload.jsx","all":false,"statementMap":{"0":{"start":{"line":1,"column":0},"end":{"line":1,"column":26}},"1":{"start":{"line":2,"column":0},"end":{"line":2,"column":27}},"2":{"start":{"line":3,"column":0},"end":{"line":3,"column":45}},"4":{"start":{"line":5,"column":0},"end":{"line":5,"column":27}},"5":{"start":{"line":6,"column":0},"end":{"line":6,"column":10}},"6":{"start":{"line":7,"column":0},"end":{"line":7,"column":52}},"7":{"start":{"line":8,"column":0},"end":{"line":8,"column":9}},"8":{"start":{"line":9,"column":0},"end":{"line":9,"column":55}},"10":{"start":{"line":11,"column":0},"end":{"line":11,"column":10}},"11":{"start":{"line":12,"column":0},"end":{"line":12,"column":46}},"12":{"start":{"line":13,"column":0},"end":{"line":13,"column":57}},"13":{"start":{"line":14,"column":0},"end":{"line":14,"column":54}},"14":{"start":{"line":15,"column":0},"end":{"line":15,"column":12}},"15":{"start":{"line":16,"column":0},"end":{"line":16,"column":10}},"17":{"start":{"line":18,"column":0},"end":{"line":18,"column":2}},"19":{"start":{"line":20,"column":0},"end":{"line":20,"column":27}}},"s":{"0":1,"1":1,"2":1,"4":1,"5":14,"6":14,"7":14,"8":14,"10":14,"11":14,"12":14,"13":14,"14":14,"15":14,"17":14,"19":1},"branchMap":{"0":{"type":"branch","line":5,"loc":{"start":{"line":5,"column":20},"end":{"line":18,"column":2}},"locations":[{"start":{"line":5,"column":20},"end":{"line":18,"column":2}}]}},"b":{"0":[14]},"fnMap":{"0":{"name":"AppDownload","decl":{"start":{"line":5,"column":20},"end":{"line":18,"column":2}},"loc":{"start":{"line":5,"column":20},"end":{"line":18,"column":2}},"line":5}},"f":{"0":14}}
,"C:\\Users\\krish\\OneDrive\\Desktop\\Food Delivery\\Frontend\\src\\components\\ExploreMenu\\ExploreMenu.jsx": {"path":"C:\\Users\\krish\\OneDrive\\Desktop\\Food Delivery\\Frontend\\src\\components\\ExploreMenu\\ExploreMenu.jsx","all":false,"statementMap":{"0":{"start":{"line":1,"column":0},"end":{"line":1,"column":26}},"1":{"start":{"line":2,"column":0},"end":{"line":2,"column":27}},"2":{"start":{"line":3,"column":0},"end":{"line":3,"column":48}},"4":{"start":{"line":5,"column":0},"end":{"line":5,"column":52}},"5":{"start":{"line":6,"column":0},"end":{"line":6,"column":10}},"6":{"start":{"line":7,"column":0},"end":{"line":7,"column":52}},"7":{"start":{"line":8,"column":0},"end":{"line":8,"column":31}},"8":{"start":{"line":9,"column":0},"end":{"line":9,"column":39}},"13":{"start":{"line":14,"column":0},"end":{"line":14,"column":10}},"14":{"start":{"line":15,"column":0},"end":{"line":15,"column":41}},"15":{"start":{"line":16,"column":0},"end":{"line":16,"column":41}},"16":{"start":{"line":17,"column":0},"end":{"line":17,"column":18}},"17":{"start":{"line":18,"column":0},"end":{"line":18,"column":16}},"18":{"start":{"line":19,"column":0},"end":{"line":19,"column":28}},"19":{"start":{"line":20,"column":0},"end":{"line":20,"column":37}},"20":{"start":{"line":21,"column":0},"end":{"line":21,"column":66}},"21":{"start":{"line":22,"column":0},"end":{"line":22,"column":17}},"23":{"start":{"line":24,"column":0},"end":{"line":24,"column":25}},"24":{"start":{"line":25,"column":0},"end":{"line":25,"column":48}},"26":{"start":{"line":27,"column":0},"end":{"line":27,"column":18}},"27":{"start":{"line":28,"column":0},"end":{"line":28,"column":71}},"28":{"start":{"line":29,"column":0},"end":{"line":29,"column":37}},"29":{"start":{"line":30,"column":0},"end":{"line":30,"column":36}},"30":{"start":{"line":31,"column":0},"end":{"line":31,"column":16}},"31":{"start":{"line":32,"column":0},"end":{"line":32,"column":37}},"32":{"start":{"line":33,"column":0},"end":{"line":33,"column":18}},"34":{"start":{"line":35,"column":0},"end":{"line":35,"column":11}},"35":{"start":{"line":36,"column":0},"end":{"line":36,"column":12}},"36":{"start":{"line":37,"column":0},"end":{"line":37,"column":12}},"37":{"start":{"line":38,"column":0},"end":{"line":38,"column":10}},"39":{"start":{"line":40,"column":0},"end":{"line":40,"column":2}},"41":{"start":{"line":42,"column":0},"end":{"line":42,"column":27}}},"s":{"0":1,"1":1,"2":1,"4":1,"5":19,"6":19,"7":19,"8":19,"13":19,"14":19,"15":19,"16":122,"17":122,"18":122,"19":3,"20":3,"21":3,"23":122,"24":122,"26":122,"27":122,"28":122,"29":122,"30":122,"31":122,"32":122,"34":19,"35":19,"36":19,"37":19,"39":19,"41":1},"branchMap":{"0":{"type":"branch","line":5,"loc":{"start":{"line":5,"column":20},"end":{"line":40,"column":2}},"locations":[{"start":{"line":5,"column":20},"end":{"line":40,"column":2}}]},"1":{"type":"branch","line":16,"loc":{"start":{"line":16,"column":23},"end":{"line":35,"column":9}},"locations":[{"start":{"line":16,"column":23},"end":{"line":35,"column":9}}]},"2":{"type":"branch","line":28,"loc":{"start":{"line":28,"column":45},"end":{"line":28,"column":68}},"locations":[{"start":{"line":28,"column":45},"end":{"line":28,"column":68}}]},"3":{"type":"branch","line":28,"loc":{"start":{"line":28,"column":57},"end":{"line":28,"column":71}},"locations":[{"start":{"line":28,"column":57},"end":{"line":28,"column":71}}]},"4":{"type":"branch","line":19,"loc":{"start":{"line":19,"column":23},"end":{"line":22,"column":17}},"locations":[{"start":{"line":19,"column":23},"end":{"line":22,"column":17}}]},"5":{"type":"branch","line":20,"loc":{"start":{"line":20,"column":28},"end":{"line":21,"column":66}},"locations":[{"start":{"line":20,"column":28},"end":{"line":21,"column":66}}]},"6":{"type":"branch","line":21,"loc":{"start":{"line":21,"column":32},"end":{"line":21,"column":52}},"locations":[{"start":{"line":21,"column":32},"end":{"line":21,"column":52}}]}},"b":{"0":[19],"1":[122],"2":[7],"3":[115],"4":[3],"5":[3],"6":[0]},"fnMap":{"0":{"name":"ExploreMenu","decl":{"start":{"line":5,"column":20},"end":{"line":40,"column":2}},"loc":{"start":{"line":5,"column":20},"end":{"line":40,"column":2}},"line":5},"1":{"name":"onClick","decl":{"start":{"line":19,"column":23},"end":{"line":22,"column":17}},"loc":{"start":{"line":19,"column":23},"end":{"line":22,"column":17}},"line":19}},"f":{"0":19,"1":3}}
,"C:\\Users\\krish\\OneDrive\\Desktop\\Food Delivery\\Frontend\\src\\components\\FoodDisplay\\FoodDisplay.jsx": {"path":"C:\\Users\\krish\\OneDrive\\Desktop\\Food Delivery\\Frontend\\src\\components\\FoodDisplay\\FoodDisplay.jsx","all":false,"statementMap":{"0":{"start":{"line":1,"column":0},"end":{"line":1,"column":42}},"1":{"start":{"line":2,"column":0},"end":{"line":2,"column":27}},"2":{"start":{"line":3,"column":0},"end":{"line":3,"column":58}},"3":{"start":{"line":4,"column":0},"end":{"line":4,"column":44}},"5":{"start":{"line":6,"column":0},"end":{"line":6,"column":39}},"6":{"start":{"line":7,"column":0},"end":{"line":7,"column":49}},"7":{"start":{"line":8,"column":0},"end":{"line":8,"column":10}},"8":{"start":{"line":9,"column":0},"end":{"line":9,"column":79}},"9":{"start":{"line":10,"column":0},"end":{"line":10,"column":67}},"10":{"start":{"line":11,"column":0},"end":{"line":11,"column":73}},"11":{"start":{"line":12,"column":0},"end":{"line":12,"column":41}},"12":{"start":{"line":13,"column":0},"end":{"line":13,"column":65}},"13":{"start":{"line":14,"column":0},"end":{"line":14,"column":20}},"14":{"start":{"line":15,"column":0},"end":{"line":15,"column":23}},"15":{"start":{"line":16,"column":0},"end":{"line":16,"column":27}},"16":{"start":{"line":17,"column":0},"end":{"line":17,"column":29}},"17":{"start":{"line":18,"column":0},"end":{"line":18,"column":32}},"18":{"start":{"line":19,"column":0},"end":{"line":19,"column":46}},"19":{"start":{"line":20,"column":0},"end":{"line":20,"column":34}},"20":{"start":{"line":21,"column":0},"end":{"line":21,"column":34}},"21":{"start":{"line":22,"column":0},"end":{"line":22,"column":50}},"22":{"start":{"line":23,"column":0},"end":{"line":23,"column":16}},"24":{"start":{"line":25,"column":0},"end":{"line":25,"column":11}},"25":{"start":{"line":26,"column":0},"end":{"line":26,"column":11}},"26":{"start":{"line":27,"column":0},"end":{"line":27,"column":12}},"27":{"start":{"line":28,"column":0},"end":{"line":28,"column":10}},"29":{"start":{"line":30,"column":0},"end":{"line":30,"column":2}},"31":{"start":{"line":32,"column":0},"end":{"line":32,"column":27}}},"s":{"0":1,"1":1,"2":1,"3":1,"5":1,"6":5,"7":5,"8":5,"9":5,"10":5,"11":5,"12":15,"13":10,"14":10,"15":10,"16":10,"17":10,"18":10,"19":10,"20":10,"21":10,"22":10,"24":10,"25":5,"26":5,"27":5,"29":5,"31":1},"branchMap":{"0":{"type":"branch","line":6,"loc":{"start":{"line":6,"column":20},"end":{"line":30,"column":2}},"locations":[{"start":{"line":6,"column":20},"end":{"line":30,"column":2}}]},"1":{"type":"branch","line":12,"loc":{"start":{"line":12,"column":23},"end":{"line":26,"column":9}},"locations":[{"start":{"line":12,"column":23},"end":{"line":26,"column":9}}]},"2":{"type":"branch","line":13,"loc":{"start":{"line":13,"column":27},"end":{"line":13,"column":64}},"locations":[{"start":{"line":13,"column":27},"end":{"line":13,"column":64}}]},"3":{"type":"branch","line":13,"loc":{"start":{"line":13,"column":64},"end":{"line":25,"column":11}},"locations":[{"start":{"line":13,"column":64},"end":{"line":25,"column":11}}]}},"b":{"0":[5],"1":[15],"2":[6],"3":[10]},"fnMap":{"0":{"name":"FoodDisplay","decl":{"start":{"line":6,"column":20},"end":{"line":30,"column":2}},"loc":{"start":{"line":6,"column":20},"end":{"line":30,"column":2}},"line":6}},"f":{"0":5}}
,"C:\\Users\\krish\\OneDrive\\Desktop\\Food Delivery\\Frontend\\src\\components\\FoodItem\\FoodItem.jsx": {"path":"C:\\Users\\krish\\OneDrive\\Desktop\\Food Delivery\\Frontend\\src\\components\\FoodItem\\FoodItem.jsx","all":false,"statementMap":{"0":{"start":{"line":1,"column":0},"end":{"line":1,"column":42}},"1":{"start":{"line":2,"column":0},"end":{"line":2,"column":24}},"2":{"start":{"line":3,"column":0},"end":{"line":3,"column":45}},"3":{"start":{"line":4,"column":0},"end":{"line":4,"column":58}},"5":{"start":{"line":6,"column":0},"end":{"line":6,"column":63}},"6":{"start":{"line":7,"column":0},"end":{"line":7,"column":55}},"7":{"start":{"line":8,"column":0},"end":{"line":8,"column":29}},"9":{"start":{"line":10,"column":0},"end":{"line":10,"column":10}},"10":{"start":{"line":11,"column":0},"end":{"line":11,"column":63}},"11":{"start":{"line":12,"column":0},"end":{"line":12,"column":47}},"12":{"start":{"line":13,"column":0},"end":{"line":13,"column":12}},"13":{"start":{"line":14,"column":0},"end":{"line":14,"column":37}},"14":{"start":{"line":15,"column":0},"end":{"line":15,"column":40}},"15":{"start":{"line":16,"column":0},"end":{"line":16,"column":16}},"16":{"start":{"line":17,"column":0},"end":{"line":17,"column":47}},"17":{"start":{"line":18,"column":0},"end":{"line":18,"column":10}},"18":{"start":{"line":19,"column":0},"end":{"line":19,"column":27}},"19":{"start":{"line":20,"column":0},"end":{"line":20,"column":14}},"20":{"start":{"line":21,"column":0},"end":{"line":21,"column":27}},"21":{"start":{"line":22,"column":0},"end":{"line":22,"column":41}},"22":{"start":{"line":23,"column":0},"end":{"line":23,"column":39}},"23":{"start":{"line":24,"column":0},"end":{"line":24,"column":28}},"24":{"start":{"line":25,"column":0},"end":{"line":25,"column":52}},"25":{"start":{"line":26,"column":0},"end":{"line":26,"column":12}},"27":{"start":{"line":28,"column":0},"end":{"line":28,"column":80}},"28":{"start":{"line":29,"column":0},"end":{"line":29,"column":16}},"29":{"start":{"line":30,"column":0},"end":{"line":30,"column":48}},"30":{"start":{"line":31,"column":0},"end":{"line":31,"column":42}},"31":{"start":{"line":32,"column":0},"end":{"line":32,"column":35}},"32":{"start":{"line":33,"column":0},"end":{"line":33,"column":51}},"33":{"start":{"line":34,"column":0},"end":{"line":34,"column":14}},"34":{"start":{"line":35,"column":0},"end":{"line":35,"column":75}},"35":{"start":{"line":36,"column":0},"end":{"line":36,"column":16}},"36":{"start":{"line":37,"column":0},"end":{"line":37,"column":43}},"37":{"start":{"line":38,"column":0},"end":{"line":38,"column":41}},"38":{"start":{"line":39,"column":0},"end":{"line":39,"column":35}},"39":{"start":{"line":40,"column":0},"end":{"line":40,"column":51}},"40":{"start":{"line":41,"column":0},"end":{"line":41,"column":14}},"41":{"start":{"line":42,"column":0},"end":{"line":42,"column":16}},"43":{"start":{"line":44,"column":0},"end":{"line":44,"column":12}},"44":{"start":{"line":45,"column":0},"end":{"line":45,"column":38}},"45":{"start":{"line":46,"column":0},"end":{"line":46,"column":47}},"46":{"start":{"line":47,"column":0},"end":{"line":47,"column":60}},"47":{"start":{"line":48,"column":0},"end":{"line":48,"column":14}},"48":{"start":{"line":49,"column":0},"end":{"line":49,"column":38}},"49":{"start":{"line":50,"column":0},"end":{"line":50,"column":24}},"50":{"start":{"line":51,"column":0},"end":{"line":51,"column":40}},"51":{"start":{"line":52,"column":0},"end":{"line":52,"column":12}},"52":{"start":{"line":53,"column":0},"end":{"line":53,"column":14}},"53":{"start":{"line":54,"column":0},"end":{"line":54,"column":75}},"54":{"start":{"line":55,"column":0},"end":{"line":55,"column":23}},"55":{"start":{"line":56,"column":0},"end":{"line":56,"column":12}},"56":{"start":{"line":57,"column":0},"end":{"line":57,"column":77}},"57":{"start":{"line":58,"column":0},"end":{"line":58,"column":18}},"58":{"start":{"line":59,"column":0},"end":{"line":59,"column":12}},"59":{"start":{"line":60,"column":0},"end":{"line":60,"column":12}},"60":{"start":{"line":61,"column":0},"end":{"line":61,"column":10}},"62":{"start":{"line":63,"column":0},"end":{"line":63,"column":2}},"64":{"start":{"line":65,"column":0},"end":{"line":65,"column":24}}},"s":{"0":1,"1":1,"2":1,"3":1,"5":1,"6":6,"7":6,"9":6,"10":6,"11":6,"12":6,"13":6,"14":6,"15":6,"16":6,"17":6,"18":6,"19":3,"20":3,"21":3,"22":3,"23":3,"24":3,"25":3,"27":3,"28":3,"29":3,"30":3,"31":3,"32":3,"33":3,"34":3,"35":3,"36":3,"37":3,"38":3,"39":3,"40":3,"41":3,"43":6,"44":6,"45":6,"46":6,"47":6,"48":6,"49":6,"50":6,"51":6,"52":6,"53":6,"54":6,"55":6,"56":6,"57":6,"58":6,"59":6,"60":6,"62":6,"64":1},"branchMap":{"0":{"type":"branch","line":6,"loc":{"start":{"line":6,"column":17},"end":{"line":63,"column":2}},"locations":[{"start":{"line":6,"column":17},"end":{"line":63,"column":2}}]},"1":{"type":"branch","line":19,"loc":{"start":{"line":19,"column":22},"end":{"line":26,"column":12}},"locations":[{"start":{"line":19,"column":22},"end":{"line":26,"column":12}}]},"2":{"type":"branch","line":26,"loc":{"start":{"line":26,"column":10},"end":{"line":42,"column":16}},"locations":[{"start":{"line":26,"column":10},"end":{"line":42,"column":16}}]},"3":{"type":"branch","line":22,"loc":{"start":{"line":22,"column":21},"end":{"line":22,"column":41}},"locations":[{"start":{"line":22,"column":21},"end":{"line":22,"column":41}}]},"4":{"type":"branch","line":30,"loc":{"start":{"line":30,"column":23},"end":{"line":30,"column":48}},"locations":[{"start":{"line":30,"column":23},"end":{"line":30,"column":48}}]},"5":{"type":"branch","line":37,"loc":{"start":{"line":37,"column":23},"end":{"line":37,"column":43}},"locations":[{"start":{"line":37,"column":23},"end":{"line":37,"column":43}}]}},"b":{"0":[6],"1":[3],"2":[3],"3":[1],"4":[1],"5":[1]},"fnMap":{"0":{"name":"FoodItem","decl":{"start":{"line":6,"column":17},"end":{"line":63,"column":2}},"loc":{"start":{"line":6,"column":17},"end":{"line":63,"column":2}},"line":6},"1":{"name":"onClick","decl":{"start":{"line":22,"column":21},"end":{"line":22,"column":41}},"loc":{"start":{"line":22,"column":21},"end":{"line":22,"column":41}},"line":22},"2":{"name":"onClick","decl":{"start":{"line":30,"column":23},"end":{"line":30,"column":48}},"loc":{"start":{"line":30,"column":23},"end":{"line":30,"column":48}},"line":30},"3":{"name":"onClick","decl":{"start":{"line":37,"column":23},"end":{"line":37,"column":43}},"loc":{"start":{"line":37,"column":23},"end":{"line":37,"column":43}},"line":37}},"f":{"0":6,"1":1,"2":1,"3":1}}
,"C:\\Users\\krish\\OneDrive\\Desktop\\Food Delivery\\Frontend\\src\\components\\Footer\\Footer.jsx": {"path":"C:\\Users\\krish\\OneDrive\\Desktop\\Food Delivery\\Frontend\\src\\components\\Footer\\Footer.jsx","all":false,"statementMap":{"0":{"start":{"line":1,"column":0},"end":{"line":1,"column":26}},"1":{"start":{"line":2,"column":0},"end":{"line":2,"column":22}},"2":{"start":{"line":3,"column":0},"end":{"line":3,"column":45}},"4":{"start":{"line":5,"column":0},"end":{"line":5,"column":22}},"5":{"start":{"line":6,"column":0},"end":{"line":6,"column":10}},"6":{"start":{"line":7,"column":0},"end":{"line":7,"column":40}},"7":{"start":{"line":8,"column":0},"end":{"line":8,"column":38}},"8":{"start":{"line":9,"column":0},"end":{"line":9,"column":45}},"9":{"start":{"line":10,"column":0},"end":{"line":10,"column":46}},"10":{"start":{"line":11,"column":0},"end":{"line":11,"column":13}},"15":{"start":{"line":16,"column":0},"end":{"line":16,"column":14}},"16":{"start":{"line":17,"column":0},"end":{"line":17,"column":47}},"17":{"start":{"line":18,"column":0},"end":{"line":18,"column":53}},"18":{"start":{"line":19,"column":0},"end":{"line":19,"column":52}},"19":{"start":{"line":20,"column":0},"end":{"line":20,"column":53}},"20":{"start":{"line":21,"column":0},"end":{"line":21,"column":16}},"21":{"start":{"line":22,"column":0},"end":{"line":22,"column":14}},"22":{"start":{"line":23,"column":0},"end":{"line":23,"column":47}},"23":{"start":{"line":24,"column":0},"end":{"line":24,"column":26}},"24":{"start":{"line":25,"column":0},"end":{"line":25,"column":14}},"25":{"start":{"line":26,"column":0},"end":{"line":26,"column":25}},"26":{"start":{"line":27,"column":0},"end":{"line":27,"column":29}},"27":{"start":{"line":28,"column":0},"end":{"line":28,"column":29}},"28":{"start":{"line":29,"column":0},"end":{"line":29,"column":35}},"29":{"start":{"line":30,"column":0},"end":{"line":30,"column":15}},"30":{"start":{"line":31,"column":0},"end":{"line":31,"column":14}},"31":{"start":{"line":32,"column":0},"end":{"line":32,"column":46}},"32":{"start":{"line":33,"column":0},"end":{"line":33,"column":31}},"33":{"start":{"line":34,"column":0},"end":{"line":34,"column":14}},"34":{"start":{"line":35,"column":0},"end":{"line":35,"column":36}},"35":{"start":{"line":36,"column":0},"end":{"line":36,"column":44}},"36":{"start":{"line":37,"column":0},"end":{"line":37,"column":15}},"37":{"start":{"line":38,"column":0},"end":{"line":38,"column":14}},"38":{"start":{"line":39,"column":0},"end":{"line":39,"column":12}},"39":{"start":{"line":40,"column":0},"end":{"line":40,"column":12}},"40":{"start":{"line":41,"column":0},"end":{"line":41,"column":38}},"42":{"start":{"line":43,"column":0},"end":{"line":43,"column":10}},"43":{"start":{"line":44,"column":0},"end":{"line":44,"column":10}},"45":{"start":{"line":46,"column":0},"end":{"line":46,"column":2}},"47":{"start":{"line":48,"column":0},"end":{"line":48,"column":22}}},"s":{"0":1,"1":1,"2":1,"4":1,"5":13,"6":13,"7":13,"8":13,"9":13,"10":13,"15":13,"16":13,"17":13,"18":13,"19":13,"20":13,"21":13,"22":13,"23":13,"24":13,"25":13,"26":13,"27":13,"28":13,"29":13,"30":13,"31":13,"32":13,"33":13,"34":13,"35":13,"36":13,"37":13,"38":13,"39":13,"40":13,"42":13,"43":13,"45":13,"47":1},"branchMap":{"0":{"type":"branch","line":5,"loc":{"start":{"line":5,"column":15},"end":{"line":46,"column":2}},"locations":[{"start":{"line":5,"column":15},"end":{"line":46,"column":2}}]}},"b":{"0":[13]},"fnMap":{"0":{"name":"Footer","decl":{"start":{"line":5,"column":15},"end":{"line":46,"column":2}},"loc":{"start":{"line":5,"column":15},"end":{"line":46,"column":2}},"line":5}},"f":{"0":13}}
,"C:\\Users\\krish\\OneDrive\\Desktop\\Food Delivery\\Frontend\\src\\components\\Header\\Header.jsx": {"path":"C:\\Users\\krish\\OneDrive\\Desktop\\Food Delivery\\Frontend\\src\\components\\Header\\Header.jsx","all":false,"statementMap":{"0":{"start":{"line":1,"column":0},"end":{"line":1,"column":26}},"1":{"start":{"line":2,"column":0},"end":{"line":2,"column":22}},"3":{"start":{"line":4,"column":0},"end":{"line":4,"column":22}},"4":{"start":{"line":5,"column":0},"end":{"line":5,"column":10}},"5":{"start":{"line":6,"column":0},"end":{"line":6,"column":28}},"6":{"start":{"line":7,"column":0},"end":{"line":7,"column":39}},"7":{"start":{"line":8,"column":0},"end":{"line":8,"column":38}},"9":{"start":{"line":10,"column":0},"end":{"line":10,"column":13}},"10":{"start":{"line":11,"column":0},"end":{"line":11,"column":37}},"13":{"start":{"line":14,"column":0},"end":{"line":14,"column":12}},"14":{"start":{"line":15,"column":0},"end":{"line":15,"column":34}},"15":{"start":{"line":16,"column":0},"end":{"line":16,"column":12}},"16":{"start":{"line":17,"column":0},"end":{"line":17,"column":10}},"18":{"start":{"line":19,"column":0},"end":{"line":19,"column":2}},"20":{"start":{"line":21,"column":0},"end":{"line":21,"column":22}}},"s":{"0":1,"1":1,"3":1,"4":14,"5":14,"6":14,"7":14,"9":14,"10":14,"13":14,"14":14,"15":14,"16":14,"18":14,"20":1},"branchMap":{"0":{"type":"branch","line":4,"loc":{"start":{"line":4,"column":15},"end":{"line":19,"column":2}},"locations":[{"start":{"line":4,"column":15},"end":{"line":19,"column":2}}]}},"b":{"0":[14]},"fnMap":{"0":{"name":"Header","decl":{"start":{"line":4,"column":15},"end":{"line":19,"column":2}},"loc":{"start":{"line":4,"column":15},"end":{"line":19,"column":2}},"line":4}},"f":{"0":14}}
,"C:\\Users\\krish\\OneDrive\\Desktop\\Food Delivery\\Frontend\\src\\components\\LoginPopup\\LoginPopup.jsx": {"path":"C:\\Users\\krish\\OneDrive\\Desktop\\Food Delivery\\Frontend\\src\\components\\LoginPopup\\LoginPopup.jsx","all":false,"statementMap":{"0":{"start":{"line":1,"column":0},"end":{"line":1,"column":63}},"1":{"start":{"line":2,"column":0},"end":{"line":2,"column":26}},"2":{"start":{"line":3,"column":0},"end":{"line":3,"column":45}},"3":{"start":{"line":4,"column":0},"end":{"line":4,"column":58}},"4":{"start":{"line":5,"column":0},"end":{"line":5,"column":26}},"6":{"start":{"line":7,"column":0},"end":{"line":7,"column":42}},"7":{"start":{"line":8,"column":0},"end":{"line":8,"column":53}},"8":{"start":{"line":9,"column":0},"end":{"line":9,"column":56}},"9":{"start":{"line":10,"column":0},"end":{"line":10,"column":36}},"10":{"start":{"line":11,"column":0},"end":{"line":11,"column":13}},"11":{"start":{"line":12,"column":0},"end":{"line":12,"column":14}},"12":{"start":{"line":13,"column":0},"end":{"line":13,"column":17}},"13":{"start":{"line":14,"column":0},"end":{"line":14,"column":5}},"15":{"start":{"line":16,"column":0},"end":{"line":16,"column":38}},"16":{"start":{"line":17,"column":0},"end":{"line":17,"column":35}},"17":{"start":{"line":18,"column":0},"end":{"line":18,"column":37}},"18":{"start":{"line":19,"column":0},"end":{"line":19,"column":52}},"19":{"start":{"line":20,"column":0},"end":{"line":20,"column":4}},"21":{"start":{"line":22,"column":0},"end":{"line":22,"column":36}},"22":{"start":{"line":23,"column":0},"end":{"line":23,"column":27}},"23":{"start":{"line":24,"column":0},"end":{"line":24,"column":21}},"24":{"start":{"line":25,"column":0},"end":{"line":25,"column":67}},"25":{"start":{"line":26,"column":0},"end":{"line":26,"column":32}},"26":{"start":{"line":27,"column":0},"end":{"line":27,"column":34}},"27":{"start":{"line":28,"column":0},"end":{"line":28,"column":12}},"28":{"start":{"line":29,"column":0},"end":{"line":29,"column":37}},"29":{"start":{"line":30,"column":0},"end":{"line":30,"column":33}},"30":{"start":{"line":31,"column":0},"end":{"line":31,"column":5}},"32":{"start":{"line":33,"column":0},"end":{"line":33,"column":57}},"34":{"start":{"line":35,"column":0},"end":{"line":35,"column":32}},"35":{"start":{"line":36,"column":0},"end":{"line":36,"column":36}},"36":{"start":{"line":37,"column":0},"end":{"line":37,"column":57}},"37":{"start":{"line":38,"column":0},"end":{"line":38,"column":26}},"38":{"start":{"line":39,"column":0},"end":{"line":39,"column":12}},"39":{"start":{"line":40,"column":0},"end":{"line":40,"column":35}},"40":{"start":{"line":41,"column":0},"end":{"line":41,"column":5}},"41":{"start":{"line":42,"column":0},"end":{"line":42,"column":4}},"43":{"start":{"line":44,"column":0},"end":{"line":44,"column":10}},"44":{"start":{"line":45,"column":0},"end":{"line":45,"column":33}},"45":{"start":{"line":46,"column":0},"end":{"line":46,"column":77}},"46":{"start":{"line":47,"column":0},"end":{"line":47,"column":43}},"47":{"start":{"line":48,"column":0},"end":{"line":48,"column":30}},"48":{"start":{"line":49,"column":0},"end":{"line":49,"column":14}},"49":{"start":{"line":50,"column":0},"end":{"line":50,"column":47}},"50":{"start":{"line":51,"column":0},"end":{"line":51,"column":35}},"51":{"start":{"line":52,"column":0},"end":{"line":52,"column":18}},"52":{"start":{"line":53,"column":0},"end":{"line":53,"column":12}},"53":{"start":{"line":54,"column":0},"end":{"line":54,"column":14}},"54":{"start":{"line":55,"column":0},"end":{"line":55,"column":44}},"55":{"start":{"line":56,"column":0},"end":{"line":56,"column":36}},"56":{"start":{"line":57,"column":0},"end":{"line":57,"column":17}},"58":{"start":{"line":59,"column":0},"end":{"line":59,"column":18}},"59":{"start":{"line":60,"column":0},"end":{"line":60,"column":25}},"60":{"start":{"line":61,"column":0},"end":{"line":61,"column":25}},"61":{"start":{"line":62,"column":0},"end":{"line":62,"column":40}},"62":{"start":{"line":63,"column":0},"end":{"line":63,"column":31}},"63":{"start":{"line":64,"column":0},"end":{"line":64,"column":37}},"64":{"start":{"line":65,"column":0},"end":{"line":65,"column":22}},"65":{"start":{"line":66,"column":0},"end":{"line":66,"column":14}},"68":{"start":{"line":69,"column":0},"end":{"line":69,"column":16}},"69":{"start":{"line":70,"column":0},"end":{"line":70,"column":24}},"70":{"start":{"line":71,"column":0},"end":{"line":71,"column":38}},"71":{"start":{"line":72,"column":0},"end":{"line":72,"column":30}},"72":{"start":{"line":73,"column":0},"end":{"line":73,"column":24}},"73":{"start":{"line":74,"column":0},"end":{"line":74,"column":36}},"74":{"start":{"line":75,"column":0},"end":{"line":75,"column":20}},"75":{"start":{"line":76,"column":0},"end":{"line":76,"column":35}},"76":{"start":{"line":77,"column":0},"end":{"line":77,"column":12}},"77":{"start":{"line":78,"column":0},"end":{"line":78,"column":16}},"78":{"start":{"line":79,"column":0},"end":{"line":79,"column":27}},"79":{"start":{"line":80,"column":0},"end":{"line":80,"column":38}},"80":{"start":{"line":81,"column":0},"end":{"line":81,"column":33}},"81":{"start":{"line":82,"column":0},"end":{"line":82,"column":27}},"82":{"start":{"line":83,"column":0},"end":{"line":83,"column":34}},"83":{"start":{"line":84,"column":0},"end":{"line":84,"column":20}},"84":{"start":{"line":85,"column":0},"end":{"line":85,"column":38}},"85":{"start":{"line":86,"column":0},"end":{"line":86,"column":12}},"86":{"start":{"line":87,"column":0},"end":{"line":87,"column":14}},"87":{"start":{"line":88,"column":0},"end":{"line":88,"column":57}},"88":{"start":{"line":89,"column":0},"end":{"line":89,"column":64}},"89":{"start":{"line":90,"column":0},"end":{"line":90,"column":17}},"90":{"start":{"line":91,"column":0},"end":{"line":91,"column":47}},"91":{"start":{"line":92,"column":0},"end":{"line":92,"column":76}},"92":{"start":{"line":93,"column":0},"end":{"line":93,"column":77}},"93":{"start":{"line":94,"column":0},"end":{"line":94,"column":14}},"94":{"start":{"line":95,"column":0},"end":{"line":95,"column":34}},"95":{"start":{"line":96,"column":0},"end":{"line":96,"column":13}},"96":{"start":{"line":97,"column":0},"end":{"line":97,"column":38}},"97":{"start":{"line":98,"column":0},"end":{"line":98,"column":75}},"98":{"start":{"line":99,"column":0},"end":{"line":99,"column":14}},"100":{"start":{"line":101,"column":0},"end":{"line":101,"column":13}},"101":{"start":{"line":102,"column":0},"end":{"line":102,"column":41}},"102":{"start":{"line":103,"column":0},"end":{"line":103,"column":17}},"103":{"start":{"line":104,"column":0},"end":{"line":104,"column":45}},"104":{"start":{"line":105,"column":0},"end":{"line":105,"column":51}},"105":{"start":{"line":106,"column":0},"end":{"line":106,"column":13}},"107":{"start":{"line":108,"column":0},"end":{"line":108,"column":19}},"108":{"start":{"line":109,"column":0},"end":{"line":109,"column":14}},"110":{"start":{"line":111,"column":0},"end":{"line":111,"column":13}},"111":{"start":{"line":112,"column":0},"end":{"line":112,"column":10}},"113":{"start":{"line":114,"column":0},"end":{"line":114,"column":2}},"115":{"start":{"line":116,"column":0},"end":{"line":116,"column":26}}},"s":{"0":1,"1":1,"2":1,"3":1,"4":1,"6":1,"7":26,"8":26,"9":26,"10":26,"11":26,"12":26,"13":26,"15":26,"16":11,"17":11,"18":11,"19":11,"21":26,"22":4,"23":4,"24":4,"25":4,"26":2,"27":2,"28":2,"29":2,"30":2,"32":4,"34":4,"35":3,"36":3,"37":3,"38":4,"39":1,"40":1,"41":4,"43":26,"44":26,"45":26,"46":26,"47":26,"48":26,"49":26,"50":26,"51":26,"52":26,"53":26,"54":26,"55":26,"56":8,"58":18,"59":18,"60":18,"61":18,"62":18,"63":18,"64":18,"65":18,"68":26,"69":26,"70":26,"71":26,"72":26,"73":26,"74":26,"75":26,"76":26,"77":26,"78":26,"79":26,"80":26,"81":26,"82":26,"83":26,"84":26,"85":26,"86":26,"87":26,"88":26,"89":26,"90":26,"91":26,"92":26,"93":26,"94":26,"95":8,"96":8,"97":8,"98":8,"100":18,"101":18,"102":18,"103":18,"104":18,"105":18,"107":18,"108":18,"110":26,"111":26,"113":26,"115":1},"branchMap":{"0":{"type":"branch","line":7,"loc":{"start":{"line":7,"column":19},"end":{"line":114,"column":2}},"locations":[{"start":{"line":7,"column":19},"end":{"line":114,"column":2}}]},"1":{"type":"branch","line":56,"loc":{"start":{"line":56,"column":25},"end":{"line":57,"column":17}},"locations":[{"start":{"line":56,"column":25},"end":{"line":57,"column":17}}]},"2":{"type":"branch","line":57,"loc":{"start":{"line":57,"column":14},"end":{"line":66,"column":14}},"locations":[{"start":{"line":57,"column":14},"end":{"line":66,"column":14}}]},"3":{"type":"branch","line":89,"loc":{"start":{"line":89,"column":25},"end":{"line":89,"column":56}},"locations":[{"start":{"line":89,"column":25},"end":{"line":89,"column":56}}]},"4":{"type":"branch","line":89,"loc":{"start":{"line":89,"column":37},"end":{"line":89,"column":64}},"locations":[{"start":{"line":89,"column":37},"end":{"line":89,"column":64}}]},"5":{"type":"branch","line":95,"loc":{"start":{"line":95,"column":23},"end":{"line":99,"column":14}},"locations":[{"start":{"line":95,"column":23},"end":{"line":99,"column":14}}]},"6":{"type":"branch","line":99,"loc":{"start":{"line":99,"column":10},"end":{"line":109,"column":14}},"locations":[{"start":{"line":99,"column":10},"end":{"line":109,"column":14}}]},"7":{"type":"branch","line":16,"loc":{"start":{"line":16,"column":26},"end":{"line":20,"column":4}},"locations":[{"start":{"line":16,"column":26},"end":{"line":20,"column":4}}]},"8":{"type":"branch","line":19,"loc":{"start":{"line":19,"column":12},"end":{"line":19,"column":50}},"locations":[{"start":{"line":19,"column":12},"end":{"line":19,"column":50}}]},"9":{"type":"branch","line":22,"loc":{"start":{"line":22,"column":18},"end":{"line":42,"column":4}},"locations":[{"start":{"line":22,"column":18},"end":{"line":42,"column":4}}]},"10":{"type":"branch","line":26,"loc":{"start":{"line":26,"column":31},"end":{"line":31,"column":5}},"locations":[{"start":{"line":26,"column":31},"end":{"line":31,"column":5}}]},"11":{"type":"branch","line":35,"loc":{"start":{"line":35,"column":31},"end":{"line":39,"column":11}},"locations":[{"start":{"line":35,"column":31},"end":{"line":39,"column":11}}]},"12":{"type":"branch","line":39,"loc":{"start":{"line":39,"column":4},"end":{"line":41,"column":5}},"locations":[{"start":{"line":39,"column":4},"end":{"line":41,"column":5}}]},"13":{"type":"branch","line":50,"loc":{"start":{"line":50,"column":21},"end":{"line":50,"column":47}},"locations":[{"start":{"line":50,"column":21},"end":{"line":50,"column":47}}]},"14":{"type":"branch","line":105,"loc":{"start":{"line":105,"column":23},"end":{"line":105,"column":51}},"locations":[{"start":{"line":105,"column":23},"end":{"line":105,"column":51}}]}},"b":{"0":[26],"1":[8],"2":[18],"3":[18],"4":[8],"5":[8],"6":[18],"7":[11],"8":[11],"9":[4],"10":[2],"11":[3],"12":[1],"13":[1],"14":[4]},"fnMap":{"0":{"name":"LoginPopup","decl":{"start":{"line":7,"column":19},"end":{"line":114,"column":2}},"loc":{"start":{"line":7,"column":19},"end":{"line":114,"column":2}},"line":7},"1":{"name":"onChangeHandler","decl":{"start":{"line":16,"column":26},"end":{"line":20,"column":4}},"loc":{"start":{"line":16,"column":26},"end":{"line":20,"column":4}},"line":16},"2":{"name":"onLogin","decl":{"start":{"line":22,"column":18},"end":{"line":42,"column":4}},"loc":{"start":{"line":22,"column":18},"end":{"line":42,"column":4}},"line":22},"3":{"name":"onClick","decl":{"start":{"line":50,"column":21},"end":{"line":50,"column":47}},"loc":{"start":{"line":50,"column":21},"end":{"line":50,"column":47}},"line":50},"4":{"name":"onClick","decl":{"start":{"line":98,"column":27},"end":{"line":98,"column":58}},"loc":{"start":{"line":98,"column":27},"end":{"line":98,"column":58}},"line":98},"5":{"name":"onClick","decl":{"start":{"line":105,"column":23},"end":{"line":105,"column":51}},"loc":{"start":{"line":105,"column":23},"end":{"line":105,"column":51}},"line":105}},"f":{"0":26,"1":11,"2":4,"3":1,"4":0,"5":4}}
,"C:\\Users\\krish\\OneDrive\\Desktop\\Food Delivery\\Frontend\\src\\components\\Navbar\\Navbar.jsx": {"path":"C:\\Users\\krish\\OneDrive\\Desktop\\Food Delivery\\Frontend\\src\\components\\Navbar\\Navbar.jsx","all":false,"statementMap":{"0":{"start":{"line":1,"column":0},"end":{"line":1,"column":52}},"1":{"start":{"line":2,"column":0},"end":{"line":2,"column":22}},"2":{"start":{"line":3,"column":0},"end":{"line":3,"column":45}},"3":{"start":{"line":4,"column":0},"end":{"line":4,"column":53}},"4":{"start":{"line":5,"column":0},"end":{"line":5,"column":58}},"6":{"start":{"line":7,"column":0},"end":{"line":7,"column":38}},"7":{"start":{"line":8,"column":0},"end":{"line":8,"column":43}},"9":{"start":{"line":10,"column":0},"end":{"line":10,"column":75}},"11":{"start":{"line":12,"column":0},"end":{"line":12,"column":33}},"13":{"start":{"line":14,"column":0},"end":{"line":14,"column":24}},"14":{"start":{"line":15,"column":0},"end":{"line":15,"column":37}},"15":{"start":{"line":16,"column":0},"end":{"line":16,"column":17}},"16":{"start":{"line":17,"column":0},"end":{"line":17,"column":18}},"17":{"start":{"line":18,"column":0},"end":{"line":18,"column":4}},"19":{"start":{"line":20,"column":0},"end":{"line":20,"column":10}},"20":{"start":{"line":21,"column":0},"end":{"line":21,"column":28}},"21":{"start":{"line":22,"column":0},"end":{"line":22,"column":19}},"22":{"start":{"line":23,"column":0},"end":{"line":23,"column":61}},"23":{"start":{"line":24,"column":0},"end":{"line":24,"column":13}},"24":{"start":{"line":25,"column":0},"end":{"line":25,"column":34}},"25":{"start":{"line":26,"column":0},"end":{"line":26,"column":13}},"26":{"start":{"line":27,"column":0},"end":{"line":27,"column":16}},"27":{"start":{"line":28,"column":0},"end":{"line":28,"column":41}},"28":{"start":{"line":29,"column":0},"end":{"line":29,"column":53}},"29":{"start":{"line":30,"column":0},"end":{"line":30,"column":9}},"31":{"start":{"line":32,"column":0},"end":{"line":32,"column":15}},"32":{"start":{"line":33,"column":0},"end":{"line":33,"column":10}},"33":{"start":{"line":34,"column":0},"end":{"line":34,"column":30}},"34":{"start":{"line":35,"column":0},"end":{"line":35,"column":41}},"35":{"start":{"line":36,"column":0},"end":{"line":36,"column":53}},"36":{"start":{"line":37,"column":0},"end":{"line":37,"column":9}},"38":{"start":{"line":39,"column":0},"end":{"line":39,"column":12}},"39":{"start":{"line":40,"column":0},"end":{"line":40,"column":10}},"40":{"start":{"line":41,"column":0},"end":{"line":41,"column":30}},"41":{"start":{"line":42,"column":0},"end":{"line":42,"column":47}},"42":{"start":{"line":43,"column":0},"end":{"line":43,"column":59}},"43":{"start":{"line":44,"column":0},"end":{"line":44,"column":9}},"45":{"start":{"line":46,"column":0},"end":{"line":46,"column":12}},"46":{"start":{"line":47,"column":0},"end":{"line":47,"column":10}},"47":{"start":{"line":48,"column":0},"end":{"line":48,"column":24}},"48":{"start":{"line":49,"column":0},"end":{"line":49,"column":47}},"49":{"start":{"line":50,"column":0},"end":{"line":50,"column":59}},"50":{"start":{"line":51,"column":0},"end":{"line":51,"column":9}},"52":{"start":{"line":53,"column":0},"end":{"line":53,"column":12}},"53":{"start":{"line":54,"column":0},"end":{"line":54,"column":11}},"54":{"start":{"line":55,"column":0},"end":{"line":55,"column":36}},"55":{"start":{"line":56,"column":0},"end":{"line":56,"column":53}},"56":{"start":{"line":57,"column":0},"end":{"line":57,"column":44}},"57":{"start":{"line":58,"column":0},"end":{"line":58,"column":51}},"58":{"start":{"line":59,"column":0},"end":{"line":59,"column":66}},"59":{"start":{"line":60,"column":0},"end":{"line":60,"column":17}},"60":{"start":{"line":61,"column":0},"end":{"line":61,"column":14}},"61":{"start":{"line":62,"column":0},"end":{"line":62,"column":34}},"62":{"start":{"line":63,"column":0},"end":{"line":63,"column":63}},"63":{"start":{"line":64,"column":0},"end":{"line":64,"column":17}},"64":{"start":{"line":65,"column":0},"end":{"line":65,"column":14}},"65":{"start":{"line":66,"column":0},"end":{"line":66,"column":19}},"66":{"start":{"line":67,"column":0},"end":{"line":67,"column":17}},"67":{"start":{"line":68,"column":0},"end":{"line":68,"column":39}},"68":{"start":{"line":69,"column":0},"end":{"line":69,"column":46}},"69":{"start":{"line":70,"column":0},"end":{"line":70,"column":11}},"71":{"start":{"line":72,"column":0},"end":{"line":72,"column":19}},"73":{"start":{"line":74,"column":0},"end":{"line":74,"column":42}},"74":{"start":{"line":75,"column":0},"end":{"line":75,"column":64}},"75":{"start":{"line":76,"column":0},"end":{"line":76,"column":49}},"76":{"start":{"line":77,"column":0},"end":{"line":77,"column":56}},"77":{"start":{"line":78,"column":0},"end":{"line":78,"column":58}},"78":{"start":{"line":79,"column":0},"end":{"line":79,"column":29}},"79":{"start":{"line":80,"column":0},"end":{"line":80,"column":19}},"80":{"start":{"line":81,"column":0},"end":{"line":81,"column":20}},"81":{"start":{"line":82,"column":0},"end":{"line":82,"column":18}},"82":{"start":{"line":83,"column":0},"end":{"line":83,"column":61}},"83":{"start":{"line":84,"column":0},"end":{"line":84,"column":64}},"85":{"start":{"line":86,"column":0},"end":{"line":86,"column":20}},"86":{"start":{"line":87,"column":0},"end":{"line":87,"column":19}},"87":{"start":{"line":88,"column":0},"end":{"line":88,"column":17}},"88":{"start":{"line":89,"column":0},"end":{"line":89,"column":16}},"90":{"start":{"line":91,"column":0},"end":{"line":91,"column":12}},"91":{"start":{"line":92,"column":0},"end":{"line":92,"column":10}},"93":{"start":{"line":94,"column":0},"end":{"line":94,"column":2}},"95":{"start":{"line":96,"column":0},"end":{"line":96,"column":22}}},"s":{"0":1,"1":1,"2":1,"3":1,"4":1,"6":1,"7":26,"9":26,"11":26,"13":26,"14":1,"15":1,"16":1,"17":1,"19":26,"20":26,"21":26,"22":26,"23":26,"24":26,"25":26,"26":26,"27":26,"28":26,"29":26,"31":26,"32":26,"33":26,"34":26,"35":26,"36":26,"38":26,"39":26,"40":26,"41":26,"42":26,"43":26,"45":26,"46":26,"47":26,"48":26,"49":26,"50":26,"52":26,"53":26,"54":26,"55":26,"56":26,"57":26,"58":26,"59":26,"60":26,"61":26,"62":26,"63":26,"64":26,"65":26,"66":22,"67":22,"68":22,"69":22,"71":22,"73":4,"74":4,"75":4,"76":4,"77":4,"78":4,"79":4,"80":4,"81":4,"82":4,"83":4,"85":4,"86":4,"87":4,"88":4,"90":26,"91":26,"93":26,"95":1},"branchMap":{"0":{"type":"branch","line":7,"loc":{"start":{"line":7,"column":15},"end":{"line":94,"column":2}},"locations":[{"start":{"line":7,"column":15},"end":{"line":94,"column":2}}]},"1":{"type":"branch","line":29,"loc":{"start":{"line":29,"column":39},"end":{"line":29,"column":53}},"locations":[{"start":{"line":29,"column":39},"end":{"line":29,"column":53}}]},"2":{"type":"branch","line":36,"loc":{"start":{"line":36,"column":30},"end":{"line":36,"column":50}},"locations":[{"start":{"line":36,"column":30},"end":{"line":36,"column":50}}]},"3":{"type":"branch","line":43,"loc":{"start":{"line":43,"column":30},"end":{"line":43,"column":56}},"locations":[{"start":{"line":43,"column":30},"end":{"line":43,"column":56}}]},"4":{"type":"branch","line":50,"loc":{"start":{"line":50,"column":30},"end":{"line":50,"column":56}},"locations":[{"start":{"line":50,"column":30},"end":{"line":50,"column":56}}]},"5":{"type":"branch","line":63,"loc":{"start":{"line":63,"column":48},"end":{"line":63,"column":57}},"locations":[{"start":{"line":63,"column":48},"end":{"line":63,"column":57}}]},"6":{"type":"branch","line":63,"loc":{"start":{"line":63,"column":52},"end":{"line":63,"column":63}},"locations":[{"start":{"line":63,"column":52},"end":{"line":63,"column":63}}]},"7":{"type":"branch","line":66,"loc":{"start":{"line":66,"column":10},"end":{"line":72,"column":19}},"locations":[{"start":{"line":66,"column":10},"end":{"line":72,"column":19}}]},"8":{"type":"branch","line":72,"loc":{"start":{"line":72,"column":10},"end":{"line":89,"column":16}},"locations":[{"start":{"line":72,"column":10},"end":{"line":89,"column":16}}]},"9":{"type":"branch","line":14,"loc":{"start":{"line":14,"column":17},"end":{"line":18,"column":4}},"locations":[{"start":{"line":14,"column":17},"end":{"line":18,"column":4}}]},"10":{"type":"branch","line":69,"loc":{"start":{"line":69,"column":21},"end":{"line":69,"column":46}},"locations":[{"start":{"line":69,"column":21},"end":{"line":69,"column":46}}]},"11":{"type":"branch","line":77,"loc":{"start":{"line":77,"column":27},"end":{"line":77,"column":56}},"locations":[{"start":{"line":77,"column":27},"end":{"line":77,"column":56}}]}},"b":{"0":[26],"1":[0],"2":[0],"3":[0],"4":[0],"5":[25],"6":[1],"7":[22],"8":[4],"9":[1],"10":[5],"11":[1]},"fnMap":{"0":{"name":"Navbar","decl":{"start":{"line":7,"column":15},"end":{"line":94,"column":2}},"loc":{"start":{"line":7,"column":15},"end":{"line":94,"column":2}},"line":7},"1":{"name":"logout","decl":{"start":{"line":14,"column":17},"end":{"line":18,"column":4}},"loc":{"start":{"line":14,"column":17},"end":{"line":18,"column":4}},"line":14},"2":{"name":"onClick","decl":{"start":{"line":28,"column":19},"end":{"line":28,"column":41}},"loc":{"start":{"line":28,"column":19},"end":{"line":28,"column":41}},"line":28},"3":{"name":"onClick","decl":{"start":{"line":35,"column":19},"end":{"line":35,"column":41}},"loc":{"start":{"line":35,"column":19},"end":{"line":35,"column":41}},"line":35},"4":{"name":"onClick","decl":{"start":{"line":42,"column":19},"end":{"line":42,"column":47}},"loc":{"start":{"line":42,"column":19},"end":{"line":42,"column":47}},"line":42},"5":{"name":"onClick","decl":{"start":{"line":49,"column":19},"end":{"line":49,"column":47}},"loc":{"start":{"line":49,"column":19},"end":{"line":49,"column":47}},"line":49},"6":{"name":"onClick","decl":{"start":{"line":69,"column":21},"end":{"line":69,"column":46}},"loc":{"start":{"line":69,"column":21},"end":{"line":69,"column":46}},"line":69},"7":{"name":"onClick","decl":{"start":{"line":77,"column":27},"end
[...]
13}},"16":{"start":{"line":17,"column":0},"end":{"line":17,"column":14}},"17":{"start":{"line":18,"column":0},"end":{"line":18,"column":16}},"18":{"start":{"line":19,"column":0},"end":{"line":19,"column":16}},"19":{"start":{"line":20,"column":0},"end":{"line":20,"column":14}},"20":{"start":{"line":21,"column":0},"end":{"line":21,"column":5}},"22":{"start":{"line":23,"column":0},"end":{"line":23,"column":38}},"23":{"start":{"line":24,"column":0},"end":{"line":24,"column":35}},"24":{"start":{"line":25,"column":0},"end":{"line":25,"column":37}},"25":{"start":{"line":26,"column":0},"end":{"line":26,"column":52}},"26":{"start":{"line":27,"column":0},"end":{"line":27,"column":4}},"28":{"start":{"line":29,"column":0},"end":{"line":29,"column":39}},"29":{"start":{"line":30,"column":0},"end":{"line":30,"column":27}},"30":{"start":{"line":31,"column":0},"end":{"line":31,"column":24}},"31":{"start":{"line":32,"column":0},"end":{"line":32,"column":29}},"32":{"start":{"line":33,"column":0},"end":{"line":33,"column":36}},"33":{"start":{"line":34,"column":0},"end":{"line":34,"column":28}},"34":{"start":{"line":35,"column":0},"end":{"line":35,"column":51}},"35":{"start":{"line":36,"column":0},"end":{"line":36,"column":34}},"36":{"start":{"line":37,"column":0},"end":{"line":37,"column":7}},"37":{"start":{"line":38,"column":0},"end":{"line":38,"column":7}},"38":{"start":{"line":39,"column":0},"end":{"line":39,"column":21}},"39":{"start":{"line":40,"column":0},"end":{"line":40,"column":20}},"40":{"start":{"line":41,"column":0},"end":{"line":41,"column":24}},"41":{"start":{"line":42,"column":0},"end":{"line":42,"column":39}},"42":{"start":{"line":43,"column":0},"end":{"line":43,"column":6}},"43":{"start":{"line":44,"column":0},"end":{"line":44,"column":74}},"44":{"start":{"line":45,"column":0},"end":{"line":45,"column":25}},"45":{"start":{"line":46,"column":0},"end":{"line":46,"column":7}},"46":{"start":{"line":47,"column":0},"end":{"line":47,"column":32}},"47":{"start":{"line":48,"column":0},"end":{"line":48,"column":44}},"48":{"start":{"line":49,"column":0},"end":{"line":49,"column":43}},"49":{"start":{"line":50,"column":0},"end":{"line":50,"column":12}},"50":{"start":{"line":51,"column":0},"end":{"line":51,"column":21}},"51":{"start":{"line":52,"column":0},"end":{"line":52,"column":5}},"52":{"start":{"line":53,"column":0},"end":{"line":53,"column":4}},"54":{"start":{"line":55,"column":0},"end":{"line":55,"column":33}},"56":{"start":{"line":57,"column":0},"end":{"line":57,"column":19}},"57":{"start":{"line":58,"column":0},"end":{"line":58,"column":17}},"58":{"start":{"line":59,"column":0},"end":{"line":59,"column":24}},"59":{"start":{"line":60,"column":0},"end":{"line":60,"column":44}},"60":{"start":{"line":61,"column":0},"end":{"line":61,"column":24}},"61":{"start":{"line":62,"column":0},"end":{"line":62,"column":5}},"62":{"start":{"line":63,"column":0},"end":{"line":63,"column":14}},"64":{"start":{"line":65,"column":0},"end":{"line":65,"column":10}},"65":{"start":{"line":66,"column":0},"end":{"line":66,"column":56}},"66":{"start":{"line":67,"column":0},"end":{"line":67,"column":40}},"67":{"start":{"line":68,"column":0},"end":{"line":68,"column":53}},"68":{"start":{"line":69,"column":0},"end":{"line":69,"column":38}},"69":{"start":{"line":70,"column":0},"end":{"line":70,"column":16}},"70":{"start":{"line":71,"column":0},"end":{"line":71,"column":20}},"71":{"start":{"line":72,"column":0},"end":{"line":72,"column":28}},"72":{"start":{"line":73,"column":0},"end":{"line":73,"column":38}},"73":{"start":{"line":74,"column":0},"end":{"line":74,"column":34}},"74":{"start":{"line":75,"column":0},"end":{"line":75,"column":23}},"75":{"start":{"line":76,"column":0},"end":{"line":76,"column":36}},"76":{"start":{"line":77,"column":0},"end":{"line":77,"column":12}},"77":{"start":{"line":78,"column":0},"end":{"line":78,"column":16}},"78":{"start":{"line":79,"column":0},"end":{"line":79,"column":20}},"79":{"start":{"line":80,"column":0},"end":{"line":80,"column":27}},"80":{"start":{"line":81,"column":0},"end":{"line":81,"column":38}},"81":{"start":{"line":82,"column":0},"end":{"line":82,"column":33}},"82":{"start":{"line":83,"column":0},"end":{"line":83,"column":23}},"83":{"start":{"line":84,"column":0},"end":{"line":84,"column":35}},"84":{"start":{"line":85,"column":0},"end":{"line":85,"column":12}},"85":{"start":{"line":86,"column":0},"end":{"line":86,"column":14}},"86":{"start":{"line":87,"column":0},"end":{"line":87,"column":14}},"87":{"start":{"line":88,"column":0},"end":{"line":88,"column":18}},"88":{"start":{"line":89,"column":0},"end":{"line":89,"column":22}},"89":{"start":{"line":90,"column":0},"end":{"line":90,"column":36}},"90":{"start":{"line":91,"column":0},"end":{"line":91,"column":28}},"91":{"start":{"line":92,"column":0},"end":{"line":92,"column":22}},"92":{"start":{"line":93,"column":0},"end":{"line":93,"column":37}},"93":{"start":{"line":94,"column":0},"end":{"line":94,"column":10}},"94":{"start":{"line":95,"column":0},"end":{"line":95,"column":14}},"95":{"start":{"line":96,"column":0},"end":{"line":96,"column":18}},"96":{"start":{"line":97,"column":0},"end":{"line":97,"column":23}},"97":{"start":{"line":98,"column":0},"end":{"line":98,"column":36}},"98":{"start":{"line":99,"column":0},"end":{"line":99,"column":29}},"99":{"start":{"line":100,"column":0},"end":{"line":100,"column":21}},"100":{"start":{"line":101,"column":0},"end":{"line":101,"column":30}},"101":{"start":{"line":102,"column":0},"end":{"line":102,"column":10}},"102":{"start":{"line":103,"column":0},"end":{"line":103,"column":38}},"103":{"start":{"line":104,"column":0},"end":{"line":104,"column":16}},"104":{"start":{"line":105,"column":0},"end":{"line":105,"column":20}},"105":{"start":{"line":106,"column":0},"end":{"line":106,"column":23}},"106":{"start":{"line":107,"column":0},"end":{"line":107,"column":38}},"107":{"start":{"line":108,"column":0},"end":{"line":108,"column":29}},"108":{"start":{"line":109,"column":0},"end":{"line":109,"column":23}},"109":{"start":{"line":110,"column":0},"end":{"line":110,"column":30}},"110":{"start":{"line":111,"column":0},"end":{"line":111,"column":12}},"111":{"start":{"line":112,"column":0},"end":{"line":112,"column":16}},"112":{"start":{"line":113,"column":0},"end":{"line":113,"column":20}},"113":{"start":{"line":114,"column":0},"end":{"line":114,"column":24}},"114":{"start":{"line":115,"column":0},"end":{"line":115,"column":38}},"115":{"start":{"line":116,"column":0},"end":{"line":116,"column":30}},"116":{"start":{"line":117,"column":0},"end":{"line":117,"column":23}},"117":{"start":{"line":118,"column":0},"end":{"line":118,"column":31}},"118":{"start":{"line":119,"column":0},"end":{"line":119,"column":12}},"119":{"start":{"line":120,"column":0},"end":{"line":120,"column":14}},"120":{"start":{"line":121,"column":0},"end":{"line":121,"column":38}},"121":{"start":{"line":122,"column":0},"end":{"line":122,"column":16}},"122":{"start":{"line":123,"column":0},"end":{"line":123,"column":20}},"123":{"start":{"line":124,"column":0},"end":{"line":124,"column":26}},"124":{"start":{"line":125,"column":0},"end":{"line":125,"column":38}},"125":{"start":{"line":126,"column":0},"end":{"line":126,"column":32}},"126":{"start":{"line":127,"column":0},"end":{"line":127,"column":23}},"127":{"start":{"line":128,"column":0},"end":{"line":128,"column":34}},"128":{"start":{"line":129,"column":0},"end":{"line":129,"column":12}},"129":{"start":{"line":130,"column":0},"end":{"line":130,"column":16}},"130":{"start":{"line":131,"column":0},"end":{"line":131,"column":20}},"131":{"start":{"line":132,"column":0},"end":{"line":132,"column":26}},"132":{"start":{"line":133,"column":0},"end":{"line":133,"column":38}},"133":{"start":{"line":134,"column":0},"end":{"line":134,"column":32}},"134":{"start":{"line":135,"column":0},"end":{"line":135,"column":23}},"135":{"start":{"line":136,"column":0},"end":{"line":136,"column":33}},"136":{"start":{"line":137,"column":0},"end":{"line":137,"column":12}},"137":{"start":{"line":138,"column":0},"end":{"line":138,"column":14}},"138":{"start":{"line":139,"column":0},"end":{"line":139,"column":14}},"139":{"start":{"line":140,"column":0},"end":{"line":140,"column":18}},"140":{"start":{"line":141,"column":0},"end":{"line":141,"column":22}},"141":{"start":{"line":142,"column":0},"end":{"line":142,"column":36}},"142":{"start":{"line":143,"column":0},"end":{"line":143,"column":28}},"143":{"start":{"line":144,"column":0},"end":{"line":144,"column":21}},"144":{"start":{"line":145,"column":0},"end":{"line":145,"column":29}},"145":{"start":{"line":146,"column":0},"end":{"line":146,"column":10}},"146":{"start":{"line":147,"column":0},"end":{"line":147,"column":12}},"148":{"start":{"line":149,"column":0},"end":{"line":149,"column":41}},"149":{"start":{"line":150,"column":0},"end":{"line":150,"column":36}},"150":{"start":{"line":151,"column":0},"end":{"line":151,"column":30}},"151":{"start":{"line":152,"column":0},"end":{"line":152,"column":15}},"152":{"start":{"line":153,"column":0},"end":{"line":153,"column":48}},"153":{"start":{"line":154,"column":0},"end":{"line":154,"column":29}},"154":{"start":{"line":155,"column":0},"end":{"line":155,"column":44}},"155":{"start":{"line":156,"column":0},"end":{"line":156,"column":18}},"156":{"start":{"line":157,"column":0},"end":{"line":157,"column":18}},"157":{"start":{"line":158,"column":0},"end":{"line":158,"column":48}},"158":{"start":{"line":159,"column":0},"end":{"line":159,"column":33}},"159":{"start":{"line":160,"column":0},"end":{"line":160,"column":58}},"160":{"start":{"line":161,"column":0},"end":{"line":161,"column":18}},"161":{"start":{"line":162,"column":0},"end":{"line":162,"column":18}},"162":{"start":{"line":163,"column":0},"end":{"line":163,"column":48}},"163":{"start":{"line":164,"column":0},"end":{"line":164,"column":26}},"164":{"start":{"line":165,"column":0},"end":{"line":165,"column":17}},"165":{"start":{"line":166,"column":0},"end":{"line":166,"column":76}},"166":{"start":{"line":167,"column":0},"end":{"line":167,"column":18}},"167":{"start":{"line":168,"column":0},"end":{"line":168,"column":18}},"168":{"start":{"line":169,"column":0},"end":{"line":169,"column":16}},"169":{"start":{"line":170,"column":0},"end":{"line":170,"column":59}},"170":{"start":{"line":171,"column":0},"end":{"line":171,"column":14}},"171":{"start":{"line":172,"column":0},"end":{"line":172,"column":12}},"172":{"start":{"line":173,"column":0},"end":{"line":173,"column":11}},"174":{"start":{"line":175,"column":0},"end":{"line":175,"column":2}},"176":{"start":{"line":177,"column":0},"end":{"line":177,"column":26}}},"s":{"0":1,"1":1,"2":1,"3":1,"4":1,"6":1,"7":16,"8":16,"10":16,"11":16,"12":16,"13":16,"14":16,"15":16,"16":16,"17":16,"18":16,"19":16,"20":16,"22":16,"23":10,"24":10,"25":10,"26":10,"28":16,"29":1,"30":1,"31":1,"32":2,"33":2,"34":2,"35":2,"36":2,"37":1,"38":1,"39":1,"40":1,"41":1,"42":1,"43":1,"44":1,"45":1,"46":1,"47":1,"48":1,"49":1,"50":0,"51":0,"52":1,"54":16,"56":16,"57":6,"58":1,"59":6,"60":1,"61":1,"62":16,"64":16,"65":16,"66":16,"67":16,"68":16,"69":16,"70":16,"71":16,"72":16,"73":16,"74":16,"75":16,"76":16,"77":16,"78":16,"79":16,"80":16,"81":16,"82":16,"83":16,"84":16,"85":16,"86":16,"87":16,"88":16,"89":16,"90":16,"91":16,"92":16,"93":16,"94":16,"95":16,"96":16,"97":16,"98":16,"99":16,"100":16,"101":16,"102":16,"103":16,"104":16,"105":16,"106":16,"107":16,"108":16,"109":16,"110":16,"111":16,"112":16,"113":16,"114":16,"115":16,"116":16,"117":16,"118":16,"119":16,"120":16,"121":16,"122":16,"123":16,"124":16,"125":16,"126":16,"127":16,"128":16,"129":16,"130":16,"131":16,"132":16,"133":16,"134":16,"135":16,"136":16,"137":16,"138":16,"139":16,"140":16,"141":16,"142":16,"143":16,"144":16,"145":16,"146":16,"148":16,"149":16,"150":16,"151":16,"152":16,"153":16,"154":16,"155":16,"156":16,"157":16,"158":16,"159":16,"160":16,"161":16,"162":16,"163":16,"164":16,"165":16,"166":16,"167":16,"168":16,"169":16,"170":16,"171":16,"172":16,"174":16,"176":1},"branchMap":{"0":{"type":"branch","line":7,"loc":{"start":{"line":7,"column":19},"end":{"line":175,"column":2}},"locations":[{"start":{"line":7,"column":19},"end":{"line":175,"column":2}}]},"1":{"type":"branch","line":160,"loc":{"start":{"line":160,"column":44},"end":{"line":160,"column":52}},"locations":[{"start":{"line":160,"column":44},"end":{"line":160,"column":52}}]},"2":{"type":"branch","line":160,"loc":{"start":{"line":160,"column":48},"end":{"line":160,"column":54}},"locations":[{"start":{"line":160,"column":48},"end":{"line":160,"column":54}}]},"3":{"type":"branch","line":166,"loc":{"start":{"line":166,"column":43},"end":{"line":166,"column":51}},"locations":[{"start":{"line":166,"column":43},"end":{"line":166,"column":51}}]},"4":{"type":"branch","line":166,"loc":{"start":{"line":166,"column":47},"end":{"line":166,"column":76}},"locations":[{"start":{"line":166,"column":47},"end":{"line":166,"column":76}}]},"5":{"type":"branch","line":23,"loc":{"start":{"line":23,"column":26},"end":{"line":27,"column":4}},"locations":[{"start":{"line":23,"column":26},"end":{"line":27,"column":4}}]},"6":{"type":"branch","line":26,"loc":{"start":{"line":26,"column":12},"end":{"line":26,"column":50}},"locations":[{"start":{"line":26,"column":12},"end":{"line":26,"column":50}}]},"7":{"type":"branch","line":29,"loc":{"start":{"line":29,"column":21},"end":{"line":53,"column":4}},"locations":[{"start":{"line":29,"column":21},"end":{"line":53,"column":4}}]},"8":{"type":"branch","line":50,"loc":{"start":{"line":50,"column":4},"end":{"line":52,"column":5}},"locations":[{"start":{"line":50,"column":4},"end":{"line":52,"column":5}}]},"9":{"type":"branch","line":32,"loc":{"start":{"line":32,"column":18},"end":{"line":38,"column":5}},"locations":[{"start":{"line":32,"column":18},"end":{"line":38,"column":5}}]},"10":{"type":"branch","line":57,"loc":{"start":{"line":57,"column":12},"end":{"line":63,"column":5}},"locations":[{"start":{"line":57,"column":12},"end":{"line":63,"column":5}}]},"11":{"type":"branch","line":58,"loc":{"start":{"line":58,"column":16},"end":{"line":60,"column":15}},"locations":[{"start":{"line":58,"column":16},"end":{"line":60,"column":15}}]},"12":{"type":"branch","line":60,"loc":{"start":{"line":60,"column":4},"end":{"line":62,"column":5}},"locations":[{"start":{"line":60,"column":4},"end":{"line":62,"column":5}}]},"13":{"type":"branch","line":60,"loc":{"start":{"line":60,"column":43},"end":{"line":62,"column":5}},"locations":[{"start":{"line":60,"column":43},"end":{"line":62,"column":5}}]}},"b":{"0":[16],"1":[1],"2":[15],"3":[1],"4":[15],"5":[10],"6":[10],"7":[1],"8":[0],"9":[2],"10":[6],"11":[1],"12":[5],"13":[1]},"fnMap":{"0":{"name":"PlaceOrder","decl":{"start":{"line":7,"column":19},"end":{"line":175,"column":2}},"loc":{"start":{"line":7,"column":19},"end":{"line":175,"column":2}},"line":7},"1":{"name":"onChangeHandler","decl":{"start":{"line":23,"column":26},"end":{"line":27,"column":4}},"loc":{"start":{"line":23,"column":26},"end":{"line":27,"column":4}},"line":23},"2":{"name":"placeOrder","decl":{"start":{"line":29,"column":21},"end":{"line":53,"column":4}},"loc":{"start":{"line":29,"column":21},"end":{"line":53,"column":4}},"line":29}},"f":{"0":16,"1":10,"2":1}}
,"C:\\Users\\krish\\OneDrive\\Desktop\\Food Delivery\\Frontend\\src\\pages\\Verify\\Verify.jsx": {"path":"C:\\Users\\krish\\OneDrive\\Desktop\\Food Delivery\\Frontend\\src\\pages\\Verify\\Verify.jsx","all":false,"statementMap":{"0":{"start":{"line":1,"column":0},"end":{"line":1,"column":53}},"1":{"start":{"line":2,"column":0},"end":{"line":2,"column":22}},"2":{"start":{"line":3,"column":0},"end":{"line":3,"column":64}},"3":{"start":{"line":4,"column":0},"end":{"line":4,"column":58}},"4":{"start":{"line":5,"column":0},"end":{"line":5,"column":26}},"6":{"start":{"line":7,"column":0},"end":{"line":7,"column":22}},"7":{"start":{"line":8,"column":0},"end":{"line":8,"column":43}},"8":{"start":{"line":9,"column":0},"end":{"line":9,"column":46}},"9":{"start":{"line":10,"column":0},"end":{"line":10,"column":46}},"10":{"start":{"line":11,"column":0},"end":{"line":11,"column":43}},"11":{"start":{"line":12,"column":0},"end":{"line":12,"column":33}},"13":{"start":{"line":14,"column":0},"end":{"line":14,"column":37}},"14":{"start":{"line":15,"column":0},"end":{"line":15,"column":9}},"15":{"start":{"line":16,"column":0},"end":{"line":16,"column":68}},"16":{"start":{"line":17,"column":0},"end":{"line":17,"column":16}},"17":{"start":{"line":18,"column":0},"end":{"line":18,"column":16}},"18":{"start":{"line":19,"column":0},"end":{"line":19,"column":9}},"19":{"start":{"line":20,"column":0},"end":{"line":20,"column":51}},"20":{"start":{"line":21,"column":0},"end":{"line":21,"column":30}},"21":{"start":{"line":22,"column":0},"end":{"line":22,"column":14}},"22":{"start":{"line":23,"column":0},"end":{"line":23,"column":22}},"23":{"start":{"line":24,"column":0},"end":{"line":24,"column":7}},"24":{"start":{"line":25,"column":0},"end":{"line":25,"column":21}},"25":{"start":{"line":26,"column":0},"end":{"line":26,"column":55}},"26":{"start":{"line":27,"column":0},"end":{"line":27,"column":20}},"27":{"start":{"line":28,"column":0},"end":{"line":28,"column":5}},"28":{"start":{"line":29,"column":0},"end":{"line":29,"column":4}},"30":{"start":{"line":31,"column":0},"end":{"line":31,"column":19}},"31":{"start":{"line":32,"column":0},"end":{"line":32,"column":20}},"32":{"start":{"line":33,"column":0},"end":{"line":33,"column":9}},"34":{"start":{"line":35,"column":0},"end":{"line":35,"column":10}},"35":{"start":{"line":36,"column":0},"end":{"line":36,"column":28}},"36":{"start":{"line":37,"column":0},"end":{"line":37,"column":59}},"37":{"start":{"line":38,"column":0},"end":{"line":38,"column":10}},"39":{"start":{"line":40,"column":0},"end":{"line":40,"column":2}},"41":{"start":{"line":42,"column":0},"end":{"line":42,"column":22}}},"s":{"0":1,"1":1,"2":1,"3":1,"4":1,"6":1,"7":6,"8":6,"9":6,"10":6,"11":6,"13":6,"14":5,"15":5,"16":5,"17":5,"18":5,"19":5,"20":2,"21":2,"22":1,"23":1,"24":5,"25":2,"26":2,"27":2,"28":5,"30":6,"31":5,"32":6,"34":6,"35":6,"36":6,"37":6,"39":6,"41":1},"branchMap":{"0":{"type":"branch","line":7,"loc":{"start":{"line":7,"column":15},"end":{"line":40,"column":2}},"locations":[{"start":{"line":7,"column":15},"end":{"line":40,"column":2}}]},"1":{"type":"branch","line":14,"loc":{"start":{"line":14,"column":24},"end":{"line":29,"column":4}},"locations":[{"start":{"line":14,"column":24},"end":{"line":29,"column":4}}]},"2":{"type":"branch","line":19,"loc":{"start":{"line":19,"column":7},"end":{"line":20,"column":27}},"locations":[{"start":{"line":19,"column":7},"end":{"line":20,"column":27}}]},"3":{"type":"branch","line":20,"loc":{"start":{"line":20,"column":19},"end":{"line":20,"column":50}},"locations":[{"start":{"line":20,"column":19},"end":{"line":20,"column":50}}]},"4":{"type":"branch","line":20,"loc":{"start":{"line":20,"column":50},"end":{"line":24,"column":7}},"locations":[{"start":{"line":20,"column":50},"end":{"line":24,"column":7}}]},"5":{"type":"branch","line":22,"loc":{"start":{"line":22,"column":6},"end":{"line":24,"column":7}},"locations":[{"start":{"line":22,"column":6},"end":{"line":24,"column":7}}]},"6":{"type":"branch","line":25,"loc":{"start":{"line":25,"column":4},"end":{"line":28,"column":5}},"locations":[{"start":{"line":25,"column":4},"end":{"line":28,"column":5}}]},"7":{"type":"branch","line":31,"loc":{"start":{"line":31,"column":12},"end":{"line":33,"column":5}},"locations":[{"start":{"line":31,"column":12},"end":{"line":33,"column":5}}]}},"b":{"0":[6],"1":[5],"2":[4],"3":[3],"4":[2],"5":[1],"6":[2],"7":[5]},"fnMap":{"0":{"name":"Verify","decl":{"start":{"line":7,"column":15},"end":{"line":40,"column":2}},"loc":{"start":{"line":7,"column":15},"end":{"line":40,"column":2}},"line":7},"1":{"name":"verifyPayment","decl":{"start":{"line":14,"column":24},"end":{"line":29,"column":4}},"loc":{"start":{"line":14,"column":24},"end":{"line":29,"column":4}},"line":14}},"f":{"0":6,"1":5}}
}
