TN:
SF:server.js
FNF:0
FNH:0
DA:1,1
DA:2,1
DA:3,1
DA:4,1
DA:5,1
DA:6,1
DA:7,1
DA:8,1
DA:9,1
DA:10,1
DA:11,1
DA:12,1
DA:13,1
DA:14,1
DA:15,1
DA:16,1
DA:17,1
DA:18,1
DA:19,1
DA:20,1
DA:21,1
DA:22,1
DA:23,1
DA:24,1
DA:25,1
DA:26,0
DA:27,1
DA:28,1
DA:29,1
DA:30,1
DA:31,0
DA:32,0
DA:33,0
DA:34,0
DA:35,0
DA:36,0
DA:37,0
DA:38,0
DA:39,1
DA:40,1
LF:40
LH:31
BRDA:30,0,0,0
BRF:1
BRH:0
end_of_record
TN:
SF:config\db.js
FN:3,connectDB
FNF:1
FNH:1
FNDA:7,connectDB
DA:1,1
DA:2,1
DA:3,1
DA:4,7
DA:5,7
DA:6,7
DA:7,0
DA:8,7
DA:9,7
DA:10,7
DA:11,7
DA:12,7
DA:13,7
DA:14,7
DA:15,7
DA:16,0
DA:17,7
DA:18,7
DA:19,7
DA:20,0
DA:21,0
DA:22,0
DA:23,7
LF:23
LH:18
BRDA:3,0,0,7
BRDA:7,1,0,0
BRDA:16,2,0,0
BRDA:19,3,0,0
BRF:4
BRH:1
end_of_record
TN:
SF:controllers\cartController.js
FN:3,addToCart
FN:20,removeFromCart
FN:35,getCart
FNF:3
FNH:3
FNDA:4,addToCart
FNDA:4,removeFromCart
FNDA:3,getCart
DA:1,1
DA:2,1
DA:3,1
DA:4,4
DA:5,4
DA:6,3
DA:7,4
DA:8,2
DA:9,2
DA:10,1
DA:11,1
DA:12,3
DA:13,3
DA:14,4
DA:15,1
DA:16,1
DA:17,1
DA:18,4
DA:19,1
DA:20,1
DA:21,4
DA:22,4
DA:23,3
DA:24,4
DA:25,2
DA:26,2
DA:27,3
DA:28,3
DA:29,4
DA:30,1
DA:31,1
DA:32,1
DA:33,4
DA:34,1
DA:35,1
DA:36,3
DA:37,3
DA:38,2
DA:39,2
DA:40,2
DA:41,1
DA:42,1
DA:43,1
DA:44,3
DA:45,1
DA:46,1
LF:46
LH:46
BRDA:3,0,0,4
BRDA:5,1,0,3
BRDA:7,2,0,2
BRDA:9,3,0,1
BRDA:11,4,0,3
BRDA:14,5,0,1
BRDA:20,6,0,4
BRDA:22,7,0,3
BRDA:24,8,0,2
BRDA:26,9,0,3
BRDA:29,10,0,1
BRDA:35,11,0,3
BRDA:37,12,0,2
BRDA:40,13,0,1
BRF:14
BRH:14
end_of_record
TN:
SF:controllers\foodController.js
FN:6,addFood
FN:27,listFood
FN:39,removeFood
FNF:3
FNH:3
FNDA:3,addFood
FNDA:3,listFood
FNDA:3,removeFood
DA:1,1
DA:2,1
DA:3,1
DA:4,1
DA:5,1
DA:6,1
DA:7,3
DA:8,3
DA:9,3
DA:10,3
DA:11,3
DA:12,3
DA:13,3
DA:14,3
DA:15,3
DA:16,3
DA:17,3
DA:18,3
DA:19,2
DA:20,2
DA:21,1
DA:22,1
DA:23,1
DA:24,3
DA:25,1
DA:26,1
DA:27,1
DA:28,3
DA:29,3
DA:30,2
DA:31,2
DA:32,1
DA:33,1
DA:34,1
DA:35,3
DA:36,1
DA:37,1
DA:38,1
DA:39,1
DA:40,3
DA:41,3
DA:42,2
DA:43,2
DA:44,2
DA:45,2
DA:46,2
DA:47,1
DA:48,1
DA:49,1
DA:50,3
DA:51,1
DA:52,1
LF:52
LH:52
BRDA:6,0,0,3
BRDA:18,1,0,2
BRDA:20,2,0,1
BRDA:27,3,0,3
BRDA:29,4,0,2
BRDA:31,5,0,1
BRDA:39,6,0,3
BRDA:41,7,0,2
BRDA:46,8,0,1
BRDA:42,9,0,2
BRF:10
BRH:10
end_of_record
TN:
SF:controllers\orderController.js
FN:7,placeOrder
FN:56,verifyOrder
FN:74,userOrders
FN:86,listOrders
FN:98,updateStatus
FNF:5
FNH:5
FNDA:3,placeOrder
FNDA:2,verifyOrder
FNDA:2,userOrders
FNDA:2,listOrders
FNDA:1,updateStatus
DA:1,1
DA:2,1
DA:3,1
DA:4,1
DA:5,1
DA:6,1
DA:7,1
DA:8,3
DA:9,3
DA:10,3
DA:11,3
DA:12,3
DA:13,3
DA:14,3
DA:15,3
DA:16,3
DA:17,3
DA:18,2
DA:19,2
DA:20,2
DA:21,2
DA:22,2
DA:23,2
DA:24,2
DA:25,2
DA:26,2
DA:27,2
DA:28,2
DA:29,2
DA:30,2
DA:31,2
DA:32,2
DA:33,2
DA:34,2
DA:35,2
DA:36,2
DA:37,2
DA:38,2
DA:39,2
DA:40,2
DA:41,2
DA:42,2
DA:43,2
DA:44,2
DA:45,2
DA:46,2
DA:47,2
DA:48,2
DA:49,2
DA:50,2
DA:51,1
DA:52,1
DA:53,1
DA:54,3
DA:55,1
DA:56,1
DA:57,2
DA:58,2
DA:59,2
DA:60,1
DA:61,1
DA:62,1
DA:63,1
DA:64,1
DA:65,1
DA:66,2
DA:67,0
DA:68,0
DA:69,0
DA:70,2
DA:71,1
DA:72,1
DA:73,1
DA:74,1
DA:75,2
DA:76,2
DA:77,2
DA:78,2
DA:79,0
DA:80,0
DA:81,0
DA:82,2
DA:83,1
DA:84,1
DA:85,1
DA:86,1
DA:87,2
DA:88,2
DA:89,2
DA:90,2
DA:91,0
DA:92,0
DA:93,0
DA:94,2
DA:95,1
DA:96,1
DA:97,1
DA:98,1
DA:99,1
DA:100,1
DA:101,1
DA:102,1
DA:103,1
DA:104,1
DA:105,0
DA:106,0
DA:107,0
DA:108,1
DA:109,1
DA:110,1
LF:110
LH:98
BRDA:7,0,0,3
BRDA:17,1,0,2
BRDA:50,2,0,1
BRDA:20,3,0,2
BRDA:56,4,0,2
BRDA:59,5,0,1
BRDA:66,6,0,0
BRDA:74,7,0,2
BRDA:78,8,0,0
BRDA:86,9,0,2
BRDA:90,10,0,0
BRDA:98,11,0,1
BRDA:104,12,0,0
BRF:13
BRH:9
end_of_record
TN:
SF:controllers\userController.js
FN:7,loginUser
FN:30,createToken
FN:35,registerUser
FNF:3
FNH:3
FNDA:4,loginUser
FNDA:4,createToken
FNDA:5,registerUser
DA:1,1
DA:2,1
DA:3,1
DA:4,1
DA:5,1
DA:6,1
DA:7,1
DA:8,4
DA:9,4
DA:10,4
DA:11,4
DA:12,4
DA:13,1
DA:14,1
DA:15,3
DA:16,3
DA:17,3
DA:18,4
DA:19,1
DA:20,1
DA:21,2
DA:22,2
DA:23,2
DA:24,4
DA:25,0
DA:26,0
DA:27,0
DA:28,4
DA:29,1
DA:30,1
DA:31,4
DA:32,4
DA:33,1
DA:34,1
DA:35,1
DA:36,5
DA:37,5
DA:38,5
DA:39,5
DA:40,1
DA:41,1
DA:42,1
DA:43,4
DA:44,5
DA:45,1
DA:46,1
DA:47,1
DA:48,1
DA:49,1
DA:50,3
DA:51,5
DA:52,1
DA:53,1
DA:54,1
DA:55,1
DA:56,1
DA:57,2
DA:58,2
DA:59,2
DA:60,2
DA:61,2
DA:62,2
DA:63,2
DA:64,2
DA:65,2
DA:66,2
DA:67,2
DA:68,2
DA:69,2
DA:70,2
DA:71,5
DA:72,0
DA:73,0
DA:74,0
DA:75,5
DA:76,1
DA:77,1
LF:77
LH:71
BRDA:7,0,0,4
BRDA:12,1,0,1
BRDA:14,2,0,3
BRDA:18,3,0,2
BRDA:18,4,0,1
BRDA:24,5,0,0
BRDA:30,6,0,4
BRDA:35,7,0,5
BRDA:39,8,0,1
BRDA:42,9,0,4
BRDA:44,10,0,1
BRDA:49,11,0,3
BRDA:51,12,0,2
BRDA:51,13,0,1
BRDA:71,14,0,0
BRF:15
BRH:13
end_of_record
TN:
SF:middleware\auth.js
FN:3,authMiddleware
FNF:1
FNH:1
FNDA:8,authMiddleware
DA:1,1
DA:2,1
DA:3,1
DA:4,8
DA:5,8
DA:6,1
DA:7,1
DA:8,7
DA:9,7
DA:10,7
DA:11,7
DA:12,7
DA:13,8
DA:14,1
DA:15,1
DA:16,1
DA:17,8
DA:18,1
DA:19,1
LF:19
LH:19
BRDA:3,0,0,8
BRDA:5,1,0,1
BRDA:7,2,0,7
BRDA:13,3,0,1
BRF:4
BRH:4
end_of_record
TN:
SF:models\foodModel.js
FNF:0
FNH:0
DA:1,1
DA:2,1
DA:3,1
DA:4,1
DA:5,1
DA:6,1
DA:7,1
DA:8,1
DA:9,1
DA:10,1
DA:11,1
DA:12,1
DA:13,1
LF:13
LH:13
BRF:0
BRH:0
end_of_record
TN:
SF:models\orderModel.js
FNF:0
FNH:0
DA:1,1
DA:2,1
DA:3,1
DA:4,1
DA:5,1
DA:6,1
DA:7,1
DA:8,1
DA:9,1
DA:10,1
DA:11,1
DA:12,1
DA:13,1
DA:14,1
DA:15,1
DA:16,1
LF:16
LH:16
BRF:0
BRH:0
end_of_record
TN:
SF:models\userModel.js
FNF:0
FNH:0
DA:1,1
DA:2,1
DA:3,1
DA:4,1
DA:5,1
DA:6,1
DA:7,1
DA:8,1
DA:9,1
DA:10,1
DA:11,1
DA:12,1
DA:13,1
DA:14,1
DA:15,1
LF:15
LH:15
BRF:0
BRH:0
end_of_record
TN:
SF:routes\cartRoute.js
FNF:0
FNH:0
DA:1,1
DA:2,1
DA:3,1
DA:4,1
DA:5,1
DA:6,1
DA:7,1
DA:8,1
DA:9,1
DA:10,1
DA:11,1
DA:12,1
DA:13,1
DA:14,1
DA:15,1
LF:15
LH:15
BRF:0
BRH:0
end_of_record
TN:
SF:routes\foodRoute.js
FN:15,filename
FNF:1
FNH:1
FNDA:1,filename
DA:1,1
DA:2,1
DA:3,1
DA:4,1
DA:5,1
DA:6,1
DA:7,1
DA:8,1
DA:9,1
DA:10,1
DA:11,1
DA:12,1
DA:13,1
DA:14,1
DA:15,1
DA:16,1
DA:17,1
DA:18,1
DA:19,1
DA:20,1
DA:21,1
DA:22,1
DA:23,1
DA:24,1
DA:25,1
DA:26,1
LF:26
LH:26
BRDA:15,0,0,1
BRF:1
BRH:1
end_of_record
TN:
SF:routes\orderRoute.js
FNF:0
FNH:0
DA:1,1
DA:2,1
DA:3,1
DA:4,1
DA:5,1
DA:6,1
DA:7,1
DA:8,1
DA:9,1
DA:10,1
DA:11,1
DA:12,1
DA:13,1
DA:14,1
DA:15,1
DA:16,1
DA:17,1
DA:18,1
DA:19,1
LF:19
LH:19
BRF:0
BRH:0
end_of_record
TN:
SF:routes\userRoute.js
FNF:0
FNH:0
DA:1,1
DA:2,1
DA:3,1
DA:4,1
DA:5,1
DA:6,1
DA:7,1
DA:8,1
DA:9,1
LF:9
LH:9
BRF:0
BRH:0
end_of_record
