{"C:\\Users\\krish\\OneDrive\\Desktop\\Food Delivery\\Admin\\src\\App.jsx": {"path":"C:\\Users\\krish\\OneDrive\\Desktop\\Food Delivery\\Admin\\src\\App.jsx","all":false,"statementMap":{"0":{"start":{"line":1,"column":0},"end":{"line":1,"column":26}},"1":{"start":{"line":2,"column":0},"end":{"line":2,"column":48}},"2":{"start":{"line":3,"column":0},"end":{"line":3,"column":51}},"3":{"start":{"line":4,"column":0},"end":{"line":4,"column":49}},"4":{"start":{"line":5,"column":0},"end":{"line":5,"column":34}},"5":{"start":{"line":6,"column":0},"end":{"line":6,"column":37}},"6":{"start":{"line":7,"column":0},"end":{"line":7,"column":43}},"7":{"start":{"line":8,"column":0},"end":{"line":8,"column":48}},"8":{"start":{"line":9,"column":0},"end":{"line":9,"column":47}},"10":{"start":{"line":11,"column":0},"end":{"line":11,"column":19}},"11":{"start":{"line":12,"column":0},"end":{"line":12,"column":59}},"12":{"start":{"line":13,"column":0},"end":{"line":13,"column":10}},"13":{"start":{"line":14,"column":0},"end":{"line":14,"column":9}},"14":{"start":{"line":15,"column":0},"end":{"line":15,"column":24}},"15":{"start":{"line":16,"column":0},"end":{"line":16,"column":16}},"16":{"start":{"line":17,"column":0},"end":{"line":17,"column":12}},"17":{"start":{"line":18,"column":0},"end":{"line":18,"column":35}},"18":{"start":{"line":19,"column":0},"end":{"line":19,"column":19}},"19":{"start":{"line":20,"column":0},"end":{"line":20,"column":16}},"20":{"start":{"line":21,"column":0},"end":{"line":21,"column":59}},"21":{"start":{"line":22,"column":0},"end":{"line":22,"column":61}},"22":{"start":{"line":23,"column":0},"end":{"line":23,"column":65}},"23":{"start":{"line":24,"column":0},"end":{"line":24,"column":17}},"24":{"start":{"line":25,"column":0},"end":{"line":25,"column":12}},"25":{"start":{"line":26,"column":0},"end":{"line":26,"column":10}},"27":{"start":{"line":28,"column":0},"end":{"line":28,"column":2}},"29":{"start":{"line":30,"column":0},"end":{"line":30,"column":19}}},"s":{"0":1,"1":1,"2":1,"3":1,"4":1,"5":1,"6":1,"7":1,"8":1,"10":1,"11":5,"12":5,"13":5,"14":5,"15":5,"16":5,"17":5,"18":5,"19":5,"20":5,"21":5,"22":5,"23":5,"24":5,"25":5,"27":5,"29":1},"branchMap":{"0":{"type":"branch","line":11,"loc":{"start":{"line":11,"column":12},"end":{"line":28,"column":2}},"locations":[{"start":{"line":11,"column":12},"end":{"line":28,"column":2}}]}},"b":{"0":[5]},"fnMap":{"0":{"name":"App","decl":{"start":{"line":11,"column":12},"end":{"line":28,"column":2}},"loc":{"start":{"line":11,"column":12},"end":{"line":28,"column":2}},"line":11}},"f":{"0":5}}
,"C:\\Users\\krish\\OneDrive\\Desktop\\Food Delivery\\Admin\\src\\main.jsx": {"path":"C:\\Users\\krish\\OneDrive\\Desktop\\Food Delivery\\Admin\\src\\main.jsx","all":true,"statementMap":{"0":{"start":{"line":1,"column":0},"end":{"line":1,"column":26}},"1":{"start":{"line":2,"column":0},"end":{"line":2,"column":40}},"2":{"start":{"line":3,"column":0},"end":{"line":3,"column":28}},"3":{"start":{"line":4,"column":0},"end":{"line":4,"column":21}},"4":{"start":{"line":5,"column":0},"end":{"line":5,"column":49}},"6":{"start":{"line":7,"column":0},"end":{"line":7,"column":60}},"7":{"start":{"line":8,"column":0},"end":{"line":8,"column":17}},"8":{"start":{"line":9,"column":0},"end":{"line":9,"column":11}},"9":{"start":{"line":10,"column":0},"end":{"line":10,"column":18}},"10":{"start":{"line":11,"column":0},"end":{"line":11,"column":2}}},"s":{"0":0,"1":0,"2":0,"3":0,"4":0,"6":0,"7":0,"8":0,"9":0,"10":0},"branchMap":{"0":{"type":"branch","line":1,"loc":{"start":{"line":1,"column":282},"end":{"line":11,"column":2}},"locations":[{"start":{"line":1,"column":282},"end":{"line":11,"column":2}}]}},"b":{"0":[0]},"fnMap":{"0":{"name":"(empty-report)","decl":{"start":{"line":1,"column":282},"end":{"line":11,"column":2}},"loc":{"start":{"line":1,"column":282},"end":{"line":11,"column":2}},"line":1}},"f":{"0":0}}
,"C:\\Users\\krish\\OneDrive\\Desktop\\Food Delivery\\Admin\\src\\Components\\Navbar\\Navbar.jsx": {"path":"C:\\Users\\krish\\OneDrive\\Desktop\\Food Delivery\\Admin\\src\\Components\\Navbar\\Navbar.jsx","all":false,"statementMap":{"0":{"start":{"line":1,"column":0},"end":{"line":1,"column":26}},"1":{"start":{"line":2,"column":0},"end":{"line":2,"column":22}},"2":{"start":{"line":3,"column":0},"end":{"line":3,"column":45}},"4":{"start":{"line":5,"column":0},"end":{"line":5,"column":22}},"5":{"start":{"line":6,"column":0},"end":{"line":6,"column":10}},"6":{"start":{"line":7,"column":0},"end":{"line":7,"column":28}},"7":{"start":{"line":8,"column":0},"end":{"line":8,"column":59}},"8":{"start":{"line":9,"column":0},"end":{"line":9,"column":78}},"9":{"start":{"line":10,"column":0},"end":{"line":10,"column":10}},"11":{"start":{"line":12,"column":0},"end":{"line":12,"column":2}},"13":{"start":{"line":14,"column":0},"end":{"line":14,"column":22}}},"s":{"0":1,"1":1,"2":1,"4":1,"5":2,"6":2,"7":2,"8":2,"9":2,"11":2,"13":1},"branchMap":{"0":{"type":"branch","line":5,"loc":{"start":{"line":5,"column":15},"end":{"line":12,"column":2}},"locations":[{"start":{"line":5,"column":15},"end":{"line":12,"column":2}}]}},"b":{"0":[2]},"fnMap":{"0":{"name":"Navbar","decl":{"start":{"line":5,"column":15},"end":{"line":12,"column":2}},"loc":{"start":{"line":5,"column":15},"end":{"line":12,"column":2}},"line":5}},"f":{"0":2}}
,"C:\\Users\\krish\\OneDrive\\Desktop\\Food Delivery\\Admin\\src\\Components\\Sidebar\\Sidebar.jsx": {"path":"C:\\Users\\krish\\OneDrive\\Desktop\\Food Delivery\\Admin\\src\\Components\\Sidebar\\Sidebar.jsx","all":false,"statementMap":{"0":{"start":{"line":1,"column":0},"end":{"line":1,"column":26}},"1":{"start":{"line":2,"column":0},"end":{"line":2,"column":23}},"2":{"start":{"line":3,"column":0},"end":{"line":3,"column":45}},"3":{"start":{"line":4,"column":0},"end":{"line":4,"column":43}},"5":{"start":{"line":6,"column":0},"end":{"line":6,"column":23}},"6":{"start":{"line":7,"column":0},"end":{"line":7,"column":10}},"7":{"start":{"line":8,"column":0},"end":{"line":8,"column":29}},"8":{"start":{"line":9,"column":0},"end":{"line":9,"column":39}},"9":{"start":{"line":10,"column":0},"end":{"line":10,"column":54}},"10":{"start":{"line":11,"column":0},"end":{"line":11,"column":46}},"11":{"start":{"line":12,"column":0},"end":{"line":12,"column":26}},"12":{"start":{"line":13,"column":0},"end":{"line":13,"column":18}},"13":{"start":{"line":14,"column":0},"end":{"line":14,"column":55}},"14":{"start":{"line":15,"column":0},"end":{"line":15,"column":48}},"15":{"start":{"line":16,"column":0},"end":{"line":16,"column":27}},"16":{"start":{"line":17,"column":0},"end":{"line":17,"column":18}},"17":{"start":{"line":18,"column":0},"end":{"line":18,"column":57}},"18":{"start":{"line":19,"column":0},"end":{"line":19,"column":48}},"19":{"start":{"line":20,"column":0},"end":{"line":20,"column":23}},"20":{"start":{"line":21,"column":0},"end":{"line":21,"column":18}},"21":{"start":{"line":22,"column":0},"end":{"line":22,"column":12}},"22":{"start":{"line":23,"column":0},"end":{"line":23,"column":10}},"24":{"start":{"line":25,"column":0},"end":{"line":25,"column":2}},"26":{"start":{"line":27,"column":0},"end":{"line":27,"column":23}}},"s":{"0":1,"1":1,"2":1,"3":1,"5":1,"6":3,"7":3,"8":3,"9":3,"10":3,"11":3,"12":3,"13":3,"14":3,"15":3,"16":3,"17":3,"18":3,"19":3,"20":3,"21":3,"22":3,"24":3,"26":1},"branchMap":{"0":{"type":"branch","line":6,"loc":{"start":{"line":6,"column":16},"end":{"line":25,"column":2}},"locations":[{"start":{"line":6,"column":16},"end":{"line":25,"column":2}}]}},"b":{"0":[3]},"fnMap":{"0":{"name":"Sidebar","decl":{"start":{"line":6,"column":16},"end":{"line":25,"column":2}},"loc":{"start":{"line":6,"column":16},"end":{"line":25,"column":2}},"line":6}},"f":{"0":3}}
,"C:\\Users\\krish\\OneDrive\\Desktop\\Food Delivery\\Admin\\src\\Pages\\Add\\Add.jsx": {"path":"C:\\Users\\krish\\OneDrive\\Desktop\\Food Delivery\\Admin\\src\\Pages\\Add\\Add.jsx","all":false,"statementMap":{"0":{"start":{"line":1,"column":0},"end":{"line":1,"column":40}},"1":{"start":{"line":2,"column":0},"end":{"line":2,"column":19}},"2":{"start":{"line":3,"column":0},"end":{"line":3,"column":45}},"3":{"start":{"line":4,"column":0},"end":{"line":4,"column":26}},"4":{"start":{"line":5,"column":0},"end":{"line":5,"column":39}},"6":{"start":{"line":7,"column":0},"end":{"line":7,"column":26}},"7":{"start":{"line":8,"column":0},"end":{"line":8,"column":44}},"9":{"start":{"line":10,"column":0},"end":{"line":10,"column":36}},"10":{"start":{"line":11,"column":0},"end":{"line":11,"column":13}},"11":{"start":{"line":12,"column":0},"end":{"line":12,"column":20}},"12":{"start":{"line":13,"column":0},"end":{"line":13,"column":14}},"13":{"start":{"line":14,"column":0},"end":{"line":14,"column":22}},"14":{"start":{"line":15,"column":0},"end":{"line":15,"column":5}},"16":{"start":{"line":17,"column":0},"end":{"line":17,"column":38}},"17":{"start":{"line":18,"column":0},"end":{"line":18,"column":35}},"18":{"start":{"line":19,"column":0},"end":{"line":19,"column":37}},"19":{"start":{"line":20,"column":0},"end":{"line":20,"column":52}},"20":{"start":{"line":21,"column":0},"end":{"line":21,"column":4}},"22":{"start":{"line":23,"column":0},"end":{"line":23,"column":44}},"23":{"start":{"line":24,"column":0},"end":{"line":24,"column":27}},"24":{"start":{"line":25,"column":0},"end":{"line":25,"column":36}},"25":{"start":{"line":26,"column":0},"end":{"line":26,"column":39}},"26":{"start":{"line":27,"column":0},"end":{"line":27,"column":53}},"27":{"start":{"line":28,"column":0},"end":{"line":28,"column":49}},"28":{"start":{"line":29,"column":0},"end":{"line":29,"column":47}},"29":{"start":{"line":30,"column":0},"end":{"line":30,"column":36}},"30":{"start":{"line":31,"column":0},"end":{"line":31,"column":71}},"31":{"start":{"line":32,"column":0},"end":{"line":32,"column":32}},"32":{"start":{"line":33,"column":0},"end":{"line":33,"column":15}},"33":{"start":{"line":34,"column":0},"end":{"line":34,"column":17}},"34":{"start":{"line":35,"column":0},"end":{"line":35,"column":24}},"35":{"start":{"line":36,"column":0},"end":{"line":36,"column":18}},"36":{"start":{"line":37,"column":0},"end":{"line":37,"column":26}},"37":{"start":{"line":38,"column":0},"end":{"line":38,"column":9}},"38":{"start":{"line":39,"column":0},"end":{"line":39,"column":22}},"39":{"start":{"line":40,"column":0},"end":{"line":40,"column":43}},"40":{"start":{"line":41,"column":0},"end":{"line":41,"column":12}},"41":{"start":{"line":42,"column":0},"end":{"line":42,"column":41}},"42":{"start":{"line":43,"column":0},"end":{"line":43,"column":5}},"43":{"start":{"line":44,"column":0},"end":{"line":44,"column":4}},"45":{"start":{"line":46,"column":0},"end":{"line":46,"column":10}},"46":{"start":{"line":47,"column":0},"end":{"line":47,"column":25}},"47":{"start":{"line":48,"column":0},"end":{"line":48,"column":72}},"48":{"start":{"line":49,"column":0},"end":{"line":49,"column":49}},"49":{"start":{"line":50,"column":0},"end":{"line":50,"column":29}},"50":{"start":{"line":51,"column":0},"end":{"line":51,"column":33}},"51":{"start":{"line":52,"column":0},"end":{"line":52,"column":16}},"52":{"start":{"line":53,"column":0},"end":{"line":53,"column":75}},"53":{"start":{"line":54,"column":0},"end":{"line":54,"column":20}},"54":{"start":{"line":55,"column":0},"end":{"line":55,"column":14}},"55":{"start":{"line":56,"column":0},"end":{"line":56,"column":18}},"56":{"start":{"line":57,"column":0},"end":{"line":57,"column":16}},"57":{"start":{"line":58,"column":0},"end":{"line":58,"column":57}},"58":{"start":{"line":59,"column":0},"end":{"line":59,"column":23}},"59":{"start":{"line":60,"column":0},"end":{"line":60,"column":22}},"60":{"start":{"line":61,"column":0},"end":{"line":61,"column":18}},"61":{"start":{"line":62,"column":0},"end":{"line":62,"column":20}},"62":{"start":{"line":63,"column":0},"end":{"line":63,"column":36}},"63":{"start":{"line":64,"column":0},"end":{"line":64,"column":12}},"64":{"start":{"line":65,"column":0},"end":{"line":65,"column":14}},"65":{"start":{"line":66,"column":0},"end":{"line":66,"column":51}},"66":{"start":{"line":67,"column":0},"end":{"line":67,"column":29}},"67":{"start":{"line":68,"column":0},"end":{"line":68,"column":16}},"68":{"start":{"line":69,"column":0},"end":{"line":69,"column":38}},"69":{"start":{"line":70,"column":0},"end":{"line":70,"column":29}},"70":{"start":{"line":71,"column":0},"end":{"line":71,"column":23}},"71":{"start":{"line":72,"column":0},"end":{"line":72,"column":23}},"72":{"start":{"line":73,"column":0},"end":{"line":73,"column":35}},"73":{"start":{"line":74,"column":0},"end":{"line":74,"column":12}},"74":{"start":{"line":75,"column":0},"end":{"line":75,"column":14}},"75":{"start":{"line":76,"column":0},"end":{"line":76,"column":58}},"76":{"start":{"line":77,"column":0},"end":{"line":77,"column":36}},"77":{"start":{"line":78,"column":0},"end":{"line":78,"column":19}},"78":{"start":{"line":79,"column":0},"end":{"line":79,"column":38}},"79":{"start":{"line":80,"column":0},"end":{"line":80,"column":36}},"80":{"start":{"line":81,"column":0},"end":{"line":81,"column":30}},"81":{"start":{"line":82,"column":0},"end":{"line":82,"column":20}},"82":{"start":{"line":83,"column":0},"end":{"line":83,"column":51}},"83":{"start":{"line":84,"column":0},"end":{"line":84,"column":20}},"84":{"start":{"line":85,"column":0},"end":{"line":85,"column":22}},"85":{"start":{"line":86,"column":0},"end":{"line":86,"column":14}},"86":{"start":{"line":87,"column":0},"end":{"line":87,"column":44}},"87":{"start":{"line":88,"column":0},"end":{"line":88,"column":49}},"88":{"start":{"line":89,"column":0},"end":{"line":89,"column":35}},"89":{"start":{"line":90,"column":0},"end":{"line":90,"column":63}},"90":{"start":{"line":91,"column":0},"end":{"line":91,"column":50}},"91":{"start":{"line":92,"column":0},"end":{"line":92,"column":50}},"92":{"start":{"line":93,"column":0},"end":{"line":93,"column":56}},"93":{"start":{"line":94,"column":0},"end":{"line":94,"column":56}},"94":{"start":{"line":95,"column":0},"end":{"line":95,"column":48}},"95":{"start":{"line":96,"column":0},"end":{"line":96,"column":56}},"96":{"start":{"line":97,"column":0},"end":{"line":97,"column":50}},"97":{"start":{"line":98,"column":0},"end":{"line":98,"column":54}},"98":{"start":{"line":99,"column":0},"end":{"line":99,"column":21}},"99":{"start":{"line":100,"column":0},"end":{"line":100,"column":16}},"100":{"start":{"line":101,"column":0},"end":{"line":101,"column":46}},"101":{"start":{"line":102,"column":0},"end":{"line":102,"column":32}},"102":{"start":{"line":103,"column":0},"end":{"line":103,"column":18}},"103":{"start":{"line":104,"column":0},"end":{"line":104,"column":40}},"104":{"start":{"line":105,"column":0},"end":{"line":105,"column":32}},"105":{"start":{"line":106,"column":0},"end":{"line":106,"column":27}},"106":{"start":{"line":107,"column":0},"end":{"line":107,"column":26}},"107":{"start":{"line":108,"column":0},"end":{"line":108,"column":31}},"108":{"start":{"line":109,"column":0},"end":{"line":109,"column":14}},"109":{"start":{"line":110,"column":0},"end":{"line":110,"column":16}},"110":{"start":{"line":111,"column":0},"end":{"line":111,"column":14}},"111":{"start":{"line":112,"column":0},"end":{"line":112,"column":50}},"113":{"start":{"line":114,"column":0},"end":{"line":114,"column":17}},"114":{"start":{"line":115,"column":0},"end":{"line":115,"column":13}},"115":{"start":{"line":116,"column":0},"end":{"line":116,"column":10}},"117":{"start":{"line":118,"column":0},"end":{"line":118,"column":2}},"119":{"start":{"line":120,"column":0},"end":{"line":120,"column":19}}},"s":{"0":1,"1":1,"2":1,"3":1,"4":1,"6":1,"7":18,"9":18,"10":18,"11":18,"12":18,"13":18,"14":18,"16":18,"17":9,"18":9,"19":9,"20":9,"22":18,"23":2,"24":2,"25":2,"26":2,"27":2,"28":2,"29":2,"30":2,"31":2,"32":2,"33":2,"34":2,"35":2,"36":2,"37":2,"38":2,"39":2,"40":2,"41":0,"42":0,"43":2,"45":18,"46":18,"47":18,"48":18,"49":18,"50":18,"51":18,"52":18,"53":18,"54":18,"55":18,"56":18,"57":18,"58":18,"59":18,"60":18,"61":18,"62":18,"63":18,"64":18,"65":18,"66":18,"67":18,"68":18,"69":18,"70":18,"71":18,"72":18,"73":18,"74":18,"75":18,"76":18,"77":18,"78":18,"79":18,"80":18,"81":18,"82":18,"83":18,"84":18,"85":18,"86":18,"87":18,"88":18,"89":18,"90":18,"91":18,"92":18,"93":18,"94":18,"95":18,"96":18,"97":18,"98":18,"99":18,"100":18,"101":18,"102":18,"103":18,"104":18,"105":18,"106":18,"107":18,"108":18,"109":18,"110":18,"111":18,"113":18,"114":18,"115":18,"117":18,"119":1},"branchMap":{"0":{"type":"branch","line":7,"loc":{"start":{"line":7,"column":12},"end":{"line":118,"column":2}},"locations":[{"start":{"line":7,"column":12},"end":{"line":118,"column":2}}]},"1":{"type":"branch","line":53,"loc":{"start":{"line":53,"column":19},"end":{"line":53,"column":56}},"locations":[{"start":{"line":53,"column":19},"end":{"line":53,"column":56}}]},"2":{"type":"branch","line":53,"loc":{"start":{"line":53,"column":52},"end":{"line":53,"column":75}},"locations":[{"start":{"line":53,"column":52},"end":{"line":53,"column":75}}]},"3":{"type":"branch","line":17,"loc":{"start":{"line":17,"column":26},"end":{"line":21,"column":4}},"locations":[{"start":{"line":17,"column":26},"end":{"line":21,"column":4}}]},"4":{"type":"branch","line":20,"loc":{"start":{"line":20,"column":12},"end":{"line":20,"column":50}},"locations":[{"start":{"line":20,"column":12},"end":{"line":20,"column":50}}]},"5":{"type":"branch","line":23,"loc":{"start":{"line":23,"column":26},"end":{"line":44,"column":4}},"locations":[{"start":{"line":23,"column":26},"end":{"line":44,"column":4}}]},"6":{"type":"branch","line":41,"loc":{"start":{"line":41,"column":4},"end":{"line":43,"column":5}},"locations":[{"start":{"line":41,"column":4},"end":{"line":43,"column":5}}]},"7":{"type":"branch","line":58,"loc":{"start":{"line":58,"column":22},"end":{"line":58,"column":57}},"locations":[{"start":{"line":58,"column":22},"end":{"line":58,"column":57}}]}},"b":{"0":[18],"1":[2],"2":[15],"3":[9],"4":[9],"5":[2],"6":[0],"7":[2]},"fnMap":{"0":{"name":"Add","decl":{"start":{"line":7,"column":12},"end":{"line":118,"column":2}},"loc":{"start":{"line":7,"column":12},"end":{"line":118,"column":2}},"line":7},"1":{"name":"onChangeHandler","decl":{"start":{"line":17,"column":26},"end":{"line":21,"column":4}},"loc":{"start":{"line":17,"column":26},"end":{"line":21,"column":4}},"line":17},"2":{"name":"onSubmitHandler","decl":{"start":{"line":23,"column":26},"end":{"line":44,"column":4}},"loc":{"start":{"line":23,"column":26},"end":{"line":44,"column":4}},"line":23},"3":{"name":"onChange","decl":{"start":{"line":58,"column":22},"end":{"line":58,"column":57}},"loc":{"start":{"line":58,"column":22},"end":{"line":58,"column":57}},"line":58}},"f":{"0":18,"1":9,"2":2,"3":2}}
,"C:\\Users\\krish\\OneDrive\\Desktop\\Food Delivery\\Admin\\src\\Pages\\List\\List.jsx": {"path":"C:\\Users\\krish\\OneDrive\\Desktop\\Food Delivery\\Admin\\src\\Pages\\List\\List.jsx","all":false,"statementMap":{"0":{"start":{"line":1,"column":0},"end":{"line":1,"column":51}},"1":{"start":{"line":2,"column":0},"end":{"line":2,"column":20}},"2":{"start":{"line":3,"column":0},"end":{"line":3,"column":26}},"3":{"start":{"line":4,"column":0},"end":{"line":4,"column":39}},"5":{"start":{"line":6,"column":0},"end":{"line":6,"column":27}},"6":{"start":{"line":7,"column":0},"end":{"line":7,"column":39}},"8":{"start":{"line":9,"column":0},"end":{"line":9,"column":33}},"9":{"start":{"line":10,"column":0},"end":{"line":10,"column":9}},"10":{"start":{"line":11,"column":0},"end":{"line":11,"column":63}},"11":{"start":{"line":12,"column":0},"end":{"line":12,"column":34}},"12":{"start":{"line":13,"column":0},"end":{"line":13,"column":36}},"13":{"start":{"line":14,"column":0},"end":{"line":14,"column":14}},"14":{"start":{"line":15,"column":0},"end":{"line":15,"column":29}},"15":{"start":{"line":16,"column":0},"end":{"line":16,"column":7}},"16":{"start":{"line":17,"column":0},"end":{"line":17,"column":21}},"17":{"start":{"line":18,"column":0},"end":{"line":18,"column":27}},"18":{"start":{"line":19,"column":0},"end":{"line":19,"column":5}},"19":{"start":{"line":20,"column":0},"end":{"line":20,"column":4}},"21":{"start":{"line":22,"column":0},"end":{"line":22,"column":40}},"22":{"start":{"line":23,"column":0},"end":{"line":23,"column":9}},"23":{"start":{"line":24,"column":0},"end":{"line":24,"column":67}},"24":{"start":{"line":25,"column":0},"end":{"line":25,"column":19}},"25":{"start":{"line":26,"column":0},"end":{"line":26,"column":9}},"26":{"start":{"line":27,"column":0},"end":{"line":27,"column":24}},"27":{"start":{"line":28,"column":0},"end":{"line":28,"column":34}},"28":{"start":{"line":29,"column":0},"end":{"line":29,"column":45}},"29":{"start":{"line":30,"column":0},"end":{"line":30,"column":14}},"30":{"start":{"line":31,"column":0},"end":{"line":31,"column":29}},"31":{"start":{"line":32,"column":0},"end":{"line":32,"column":7}},"32":{"start":{"line":33,"column":0},"end":{"line":33,"column":21}},"33":{"start":{"line":34,"column":0},"end":{"line":34,"column":27}},"34":{"start":{"line":35,"column":0},"end":{"line":35,"column":5}},"35":{"start":{"line":36,"column":0},"end":{"line":36,"column":4}},"37":{"start":{"line":38,"column":0},"end":{"line":38,"column":19}},"38":{"start":{"line":39,"column":0},"end":{"line":39,"column":16}},"39":{"start":{"line":40,"column":0},"end":{"line":40,"column":9}},"40":{"start":{"line":41,"column":0},"end":{"line":41,"column":10}},"41":{"start":{"line":42,"column":0},"end":{"line":42,"column":39}},"42":{"start":{"line":43,"column":0},"end":{"line":43,"column":27}},"43":{"start":{"line":44,"column":0},"end":{"line":44,"column":34}},"44":{"start":{"line":45,"column":0},"end":{"line":45,"column":49}},"45":{"start":{"line":46,"column":0},"end":{"line":46,"column":22}},"46":{"start":{"line":47,"column":0},"end":{"line":47,"column":21}},"47":{"start":{"line":48,"column":0},"end":{"line":48,"column":25}},"48":{"start":{"line":49,"column":0},"end":{"line":49,"column":22}},"49":{"start":{"line":50,"column":0},"end":{"line":50,"column":23}},"50":{"start":{"line":51,"column":0},"end":{"line":51,"column":14}},"51":{"start":{"line":52,"column":0},"end":{"line":52,"column":36}},"52":{"start":{"line":53,"column":0},"end":{"line":53,"column":18}},"53":{"start":{"line":54,"column":0},"end":{"line":54,"column":59}},"54":{"start":{"line":55,"column":0},"end":{"line":55,"column":64}},"55":{"start":{"line":56,"column":0},"end":{"line":56,"column":32}},"56":{"start":{"line":57,"column":0},"end":{"line":57,"column":36}},"57":{"start":{"line":58,"column":0},"end":{"line":58,"column":34}},"58":{"start":{"line":59,"column":0},"end":{"line":59,"column":73}},"60":{"start":{"line":61,"column":0},"end":{"line":61,"column":18}},"61":{"start":{"line":62,"column":0},"end":{"line":62,"column":18}},"63":{"start":{"line":64,"column":0},"end":{"line":64,"column":11}},"64":{"start":{"line":65,"column":0},"end":{"line":65,"column":12}},"65":{"start":{"line":66,"column":0},"end":{"line":66,"column":10}},"67":{"start":{"line":68,"column":0},"end":{"line":68,"column":2}},"69":{"start":{"line":70,"column":0},"end":{"line":70,"column":20}}},"s":{"0":1,"1":1,"2":1,"3":1,"5":1,"6":16,"8":16,"9":9,"10":9,"11":8,"12":8,"13":9,"14":0,"15":0,"16":9,"17":1,"18":1,"19":9,"21":16,"22":3,"23":3,"24":3,"25":3,"26":2,"27":2,"28":2,"29":3,"30":0,"31":0,"32":3,"33":1,"34":1,"35":3,"37":16,"38":7,"39":16,"40":16,"41":16,"42":16,"43":16,"44":16,"45":16,"46":16,"47":16,"48":16,"49":16,"50":16,"51":16,"52":14,"53":14,"54":14,"55":14,"56":14,"57":14,"58":14,"60":14,"61":14,"63":16,"64":16,"65":16,"67":16,"69":1},"branchMap":{"0":{"type":"branch","line":6,"loc":{"start":{"line":6,"column":13},"end":{"line":68,"column":2}},"locations":[{"start":{"line":6,"column":13},"end":{"line":68,"column":2}}]},"1":{"type":"branch","line":9,"loc":{"start":{"line":9,"column":20},"end":{"line":20,"column":4}},"locations":[{"start":{"line":9,"column":20},"end":{"line":20,"column":4}}]},"2":{"type":"branch","line":11,"loc":{"start":{"line":11,"column":61},"end":{"line":14,"column":13}},"locations":[{"start":{"line":11,"column":61},"end":{"line":14,"column":13}}]},"3":{"type":"branch","line":14,"loc":{"start":{"line":14,"column":6},"end":{"line":16,"column":7}},"locations":[{"start":{"line":14,"column":6},"end":{"line":16,"column":7}}]},"4":{"type":"branch","line":17,"loc":{"start":{"line":17,"column":4},"end":{"line":19,"column":5}},"locations":[{"start":{"line":17,"column":4},"end":{"line":19,"column":5}}]},"5":{"type":"branch","line":22,"loc":{"start":{"line":22,"column":21},"end":{"line":36,"column":4}},"locations":[{"start":{"line":22,"column":21},"end":{"line":36,"column":4}}]},"6":{"type":"branch","line":26,"loc":{"start":{"line":26,"column":7},"end":{"line":30,"column":13}},"locations":[{"start":{"line":26,"column":7},"end":{"line":30,"column":13}}]},"7":{"type":"branch","line":30,"loc":{"start":{"line":30,"column":6},"end":{"line":32,"column":7}},"locations":[{"start":{"line":30,"column":6},"end":{"line":32,"column":7}}]},"8":{"type":"branch","line":33,"loc":{"start":{"line":33,"column":4},"end":{"line":35,"column":5}},"locations":[{"start":{"line":33,"column":4},"end":{"line":35,"column":5}}]},"9":{"type":"branch","line":38,"loc":{"start":{"line":38,"column":12},"end":{"line":40,"column":5}},"locations":[{"start":{"line":38,"column":12},"end":{"line":40,"column":5}}]},"10":{"type":"branch","line":52,"loc":{"start":{"line":52,"column":18},"end":{"line":64,"column":9}},"locations":[{"start":{"line":52,"column":18},"end":{"line":64,"column":9}}]},"11":{"type":"branch","line":59,"loc":{"start":{"line":59,"column":26},"end":{"line":59,"column":54}},"locations":[{"start":{"line":59,"column":26},"end":{"line":59,"column":54}}]}},"b":{"0":[16],"1":[9],"2":[8],"3":[0],"4":[1],"5":[3],"6":[2],"7":[0],"8":[1],"9":[7],"10":[14],"11":[3]},"fnMap":{"0":{"name":"List","decl":{"start":{"line":6,"column":13},"end":{"line":68,"column":2}},"loc":{"start":{"line":6,"column":13},"end":{"line":68,"column":2}},"line":6},"1":{"name":"fetchList","decl":{"start":{"line":9,"column":20},"end":{"line":20,"column":4}},"loc":{"start":{"line":9,"column":20},"end":{"line":20,"column":4}},"line":9},"2":{"name":"removeFood","decl":{"start":{"line":22,"column":21},"end":{"line":36,"column":4}},"loc":{"start":{"line":22,"column":21},"end":{"line":36,"column":4}},"line":22},"3":{"name":"onClick","decl":{"start":{"line":59,"column":26},"end":{"line":59,"column":54}},"loc":{"start":{"line":59,"column":26},"end":{"line":59,"column":54}},"line":59}},"f":{"0":16,"1":9,"2":3,"3":3}}
,"C:\\Users\\krish\\OneDrive\\Desktop\\Food Delivery\\Admin\\src\\Pages\\Orders\\Orders.jsx": {"path":"C:\\Users\\krish\\OneDrive\\Desktop\\Food Delivery\\Admin\\src\\Pages\\Orders\\Orders.jsx","all":false,"statementMap":{"0":{"start":{"line":1,"column":0},"end":{"line":1,"column":26}},"1":{"start":{"line":2,"column":0},"end":{"line":2,"column":21}},"2":{"start":{"line":3,"column":0},"end":{"line":3,"column":33}},"3":{"start":{"line":4,"column":0},"end":{"line":4,"column":26}},"4":{"start":{"line":5,"column":0},"end":{"line":5,"column":39}},"5":{"start":{"line":6,"column":0},"end":{"line":6,"column":34}},"6":{"start":{"line":7,"column":0},"end":{"line":7,"column":64}},"8":{"start":{"line":9,"column":0},"end":{"line":9,"column":29}},"9":{"start":{"line":10,"column":0},"end":{"line":10,"column":43}},"11":{"start":{"line":12,"column":0},"end":{"line":12,"column":38}},"12":{"start":{"line":13,"column":0},"end":{"line":13,"column":9}},"13":{"start":{"line":14,"column":0},"end":{"line":14,"column":40}},"14":{"start":{"line":15,"column":0},"end":{"line":15,"column":64}},"15":{"start":{"line":16,"column":0},"end":{"line":16,"column":41}},"16":{"start":{"line":17,"column":0},"end":{"line":17,"column":34}},"17":{"start":{"line":18,"column":0},"end":{"line":18,"column":38}},"18":{"start":{"line":19,"column":0},"end":{"line":19,"column":55}},"19":{"start":{"line":20,"column":0},"end":{"line":20,"column":14}},"20":{"start":{"line":21,"column":0},"end":{"line":21,"column":57}},"21":{"start":{"line":22,"column":0},"end":{"line":22,"column":29}},"22":{"start":{"line":23,"column":0},"end":{"line":23,"column":7}},"23":{"start":{"line":24,"column":0},"end":{"line":24,"column":21}},"24":{"start":{"line":25,"column":0},"end":{"line":25,"column":53}},"25":{"start":{"line":26,"column":0},"end":{"line":26,"column":27}},"26":{"start":{"line":27,"column":0},"end":{"line":27,"column":5}},"27":{"start":{"line":28,"column":0},"end":{"line":28,"column":4}},"29":{"start":{"line":30,"column":0},"end":{"line":30,"column":51}},"30":{"start":{"line":31,"column":0},"end":{"line":31,"column":9}},"31":{"start":{"line":32,"column":0},"end":{"line":32,"column":68}},"32":{"start":{"line":33,"column":0},"end":{"line":33,"column":16}},"33":{"start":{"line":34,"column":0},"end":{"line":34,"column":35}},"34":{"start":{"line":35,"column":0},"end":{"line":35,"column":9}},"35":{"start":{"line":36,"column":0},"end":{"line":36,"column":34}},"36":{"start":{"line":37,"column":0},"end":{"line":37,"column":31}},"37":{"start":{"line":38,"column":0},"end":{"line":38,"column":14}},"38":{"start":{"line":39,"column":0},"end":{"line":39,"column":51}},"39":{"start":{"line":40,"column":0},"end":{"line":40,"column":7}},"40":{"start":{"line":41,"column":0},"end":{"line":41,"column":21}},"41":{"start":{"line":42,"column":0},"end":{"line":42,"column":59}},"42":{"start":{"line":43,"column":0},"end":{"line":43,"column":49}},"43":{"start":{"line":44,"column":0},"end":{"line":44,"column":5}},"44":{"start":{"line":45,"column":0},"end":{"line":45,"column":4}},"46":{"start":{"line":47,"column":0},"end":{"line":47,"column":19}},"47":{"start":{"line":48,"column":0},"end":{"line":48,"column":21}},"48":{"start":{"line":49,"column":0},"end":{"line":49,"column":9}},"49":{"start":{"line":50,"column":0},"end":{"line":50,"column":10}},"50":{"start":{"line":51,"column":0},"end":{"line":51,"column":31}},"51":{"start":{"line":52,"column":0},"end":{"line":52,"column":25}},"52":{"start":{"line":53,"column":0},"end":{"line":53,"column":34}},"53":{"start":{"line":54,"column":0},"end":{"line":54,"column":39}},"54":{"start":{"line":55,"column":0},"end":{"line":55,"column":50}},"55":{"start":{"line":56,"column":0},"end":{"line":56,"column":51}},"56":{"start":{"line":57,"column":0},"end":{"line":57,"column":17}},"57":{"start":{"line":58,"column":0},"end":{"line":58,"column":45}},"58":{"start":{"line":59,"column":0},"end":{"line":59,"column":51}},"59":{"start":{"line":60,"column":0},"end":{"line":60,"column":57}},"60":{"start":{"line":61,"column":0},"end":{"line":61,"column":61}},"61":{"start":{"line":62,"column":0},"end":{"line":62,"column":26}},"62":{"start":{"line":63,"column":0},"end":{"line":63,"column":68}},"63":{"start":{"line":64,"column":0},"end":{"line":64,"column":19}},"64":{"start":{"line":65,"column":0},"end":{"line":65,"column":19}},"65":{"start":{"line":66,"column":0},"end":{"line":66,"column":18}},"66":{"start":{"line":67,"column":0},"end":{"line":67,"column":45}},"67":{"start":{"line":68,"column":0},"end":{"line":68,"column":72}},"68":{"start":{"line":69,"column":0},"end":{"line":69,"column":18}},"69":{"start":{"line":70,"column":0},"end":{"line":70,"column":50}},"70":{"start":{"line":71,"column":0},"end":{"line":71,"column":51}},"71":{"start":{"line":72,"column":0},"end":{"line":72,"column":19}},"72":{"start":{"line":73,"column":0},"end":{"line":73,"column":39}},"73":{"start":{"line":74,"column":0},"end":{"line":74,"column":26}},"74":{"start":{"line":75,"column":0},"end":{"line":75,"column":41}},"75":{"start":{"line":76,"column":0},"end":{"line":76,"column":26}},"76":{"start":{"line":77,"column":0},"end":{"line":77,"column":43}},"77":{"start":{"line":78,"column":0},"end":{"line":78,"column":26}},"78":{"start":{"line":79,"column":0},"end":{"line":79,"column":42}},"79":{"start":{"line":80,"column":0},"end":{"line":80,"column":20}},"80":{"start":{"line":81,"column":0},"end":{"line":81,"column":20}},"81":{"start":{"line":82,"column":0},"end":{"line":82,"column":71}},"82":{"start":{"line":83,"column":0},"end":{"line":83,"column":18}},"83":{"start":{"line":84,"column":0},"end":{"line":84,"column":46}},"84":{"start":{"line":85,"column":0},"end":{"line":85,"column":34}},"85":{"start":{"line":86,"column":0},"end":{"line":86,"column":19}},"86":{"start":{"line":87,"column":0},"end":{"line":87,"column":67}},"87":{"start":{"line":88,"column":0},"end":{"line":88,"column":34}},"89":{"start":{"line":90,"column":0},"end":{"line":90,"column":70}},"90":{"start":{"line":91,"column":0},"end":{"line":91,"column":72}},"91":{"start":{"line":92,"column":0},"end":{"line":92,"column":58}},"92":{"start":{"line":93,"column":0},"end":{"line":93,"column":21}},"93":{"start":{"line":94,"column":0},"end":{"line":94,"column":16}},"94":{"start":{"line":95,"column":0},"end":{"line":95,"column":11}},"95":{"start":{"line":96,"column":0},"end":{"line":96,"column":12}},"96":{"start":{"line":97,"column":0},"end":{"line":97,"column":10}},"98":{"start":{"line":99,"column":0},"end":{"line":99,"column":2}},"100":{"start":{"line":101,"column":0},"end":{"line":101,"column":22}}},"s":{"0":1,"1":1,"2":1,"3":1,"4":1,"5":1,"6":1,"8":1,"9":13,"11":13,"12":8,"13":8,"14":8,"15":7,"16":7,"17":7,"18":7,"19":8,"20":0,"21":0,"22":0,"23":8,"24":1,"25":1,"26":1,"27":8,"29":13,"30":3,"31":3,"32":3,"33":3,"34":3,"35":2,"36":2,"37":3,"38":0,"39":0,"40":3,"41":1,"42":1,"43":1,"44":3,"46":13,"47":6,"48":13,"49":13,"50":13,"51":13,"52":13,"53":13,"54":7,"55":7,"56":7,"57":7,"58":7,"59":7,"60":7,"61":7,"62":0,"63":0,"64":7,"65":7,"66":7,"67":7,"68":7,"69":7,"70":7,"71":7,"72":7,"73":7,"74":7,"75":7,"76":7,"77":7,"78":7,"79":7,"80":7,"81":7,"82":7,"83":7,"84":7,"85":7,"86":7,"87":7,"89":7,"90":7,"91":7,"92":7,"93":7,"94":13,"95":13,"96":13,"98":13,"100":1},"branchMap":{"0":{"type":"branch","line":9,"loc":{"start":{"line":9,"column":15},"end":{"line":99,"column":2}},"locations":[{"start":{"line":9,"column":15},"end":{"line":99,"column":2}}]},"1":{"type":"branch","line":12,"loc":{"start":{"line":12,"column":25},"end":{"line":28,"column":4}},"locations":[{"start":{"line":12,"column":25},"end":{"line":28,"column":4}}]},"2":{"type":"branch","line":15,"loc":{"start":{"line":15,"column":62},"end":{"line":20,"column":13}},"locations":[{"start":{"line":15,"column":62},"end":{"line":20,"column":13}}]},"3":{"type":"branch","line":20,"loc":{"start":{"line":20,"column":6},"end":{"line":23,"column":7}},"locations":[{"start":{"line":20,"column":6},"end":{"line":23,"column":7}}]},"4":{"type":"branch","line":24,"loc":{"start":{"line":24,"column":4},"end":{"line":27,"column":5}},"locations":[{"start":{"line":24,"column":4},"end":{"line":27,"column":5}}]},"5":{"type":"branch","line":30,"loc":{"start":{"line":30,"column":24},"end":{"line":45,"column":4}},"locations":[{"start":{"line":30,"column":24},"end":{"line":45,"column":4}}]},"6":{"type":"branch","line":35,"loc":{"start":{"line":35,"column":7},"end":{"line":38,"column":13}},"locations":[{"start":{"line":35,"column":7},"end":{"line":38,"column":13}}]},"7":{"type":"branch","line":38,"loc":{"start":{"line":38,"column":6},"end":{"line":40,"column":7}},"locations":[{"start":{"line":38,"column":6},"end":{"line":40,"column":7}}]},"8":{"type":"branch","line":41,"loc":{"start":{"line":41,"column":4},"end":{"line":44,"column":5}},"locations":[{"start":{"line":41,"column":4},"end":{"line":44,"column":5}}]},"9":{"type":"branch","line":47,"loc":{"start":{"line":47,"column":12},"end":{"line":49,"column":5}},"locations":[{"start":{"line":47,"column":12},"end":{"line":49,"column":5}}]},"10":{"type":"branch","line":54,"loc":{"start":{"line":54,"column":20},"end":{"line":94,"column":16}},"locations":[{"start":{"line":54,"column":20},"end":{"line":94,"column":16}}]},"11":{"type":"branch","line":59,"loc":{"start":{"line":59,"column":33},"end":{"line":65,"column":17}},"locations":[{"start":{"line":59,"column":33},"end":{"line":65,"column":17}}]},"12":{"type":"branch","line":62,"loc":{"start":{"line":62,"column":18},"end":{"line":64,"column":19}},"locations":[{"start":{"line":62,"column":18},"end":{"line":64,"column":19}}]},"13":{"type":"branch","line":87,"loc":{"start":{"line":87,"column":24},"end":{"line":87,"column":67}},"locations":[{"start":{"line":87,"column":24},"end":{"line":87,"column":67}}]}},"b":{"0":[13],"1":[8],"2":[7],"3":[0],"4":[1],"5":[3],"6":[2],"7":[0],"8":[1],"9":[6],"10":[7],"11":[7],"12":[0],"13":[3]},"fnMap":{"0":{"name":"Orders","decl":{"start":{"line":9,"column":15},"end":{"line":99,"column":2}},"loc":{"start":{"line":9,"column":15},"end":{"line":99,"column":2}},"line":9},"1":{"name":"fetchAllOrders","decl":{"start":{"line":12,"column":25},"end":{"line":28,"column":4}},"loc":{"start":{"line":12,"column":25},"end":{"line":28,"column":4}},"line":12},"2":{"name":"statusHandler","decl":{"start":{"line":30,"column":24},"end":{"line":45,"column":4}},"loc":{"start":{"line":30,"column":24},"end":{"line":45,"column":4}},"line":30},"3":{"name":"onChange","decl":{"start":{"line":87,"column":24},"end":{"line":87,"column":67}},"loc":{"start":{"line":87,"column":24},"end":{"line":87,"column":67}},"line":87}},"f":{"0":13,"1":8,"2":3,"3":3}}
,"C:\\Users\\krish\\OneDrive\\Desktop\\Food Delivery\\Admin\\src\\assets\\assets.js": {"path":"C:\\Users\\krish\\OneDrive\\Desktop\\Food Delivery\\Admin\\src\\assets\\assets.js","all":false,"statementMap":{"0":{"start":{"line":1,"column":0},"end":{"line":1,"column":64}},"1":{"start":{"line":2,"column":0},"end":{"line":2,"column":55}},"2":{"start":{"line":3,"column":0},"end":{"line":3,"column":59}},"3":{"start":{"line":4,"column":0},"end":{"line":4,"column":64}},"4":{"start":{"line":5,"column":0},"end":{"line":5,"column":61}},"5":{"start":{"line":6,"column":0},"end":{"line":6,"column":61}},"6":{"start":{"line":7,"column":0},"end":{"line":7,"column":0}},"7":{"start":{"line":8,"column":0},"end":{"line":8,"column":23}},"8":{"start":{"line":9,"column":0},"end":{"line":9,"column":7}},"9":{"start":{"line":10,"column":0},"end":{"line":10,"column":11}},"10":{"start":{"line":11,"column":0},"end":{"line":11,"column":13}},"11":{"start":{"line":12,"column":0},"end":{"line":12,"column":16}},"12":{"start":{"line":13,"column":0},"end":{"line":13,"column":14}},"13":{"start":{"line":14,"column":0},"end":{"line":14,"column":14}},"14":{"start":{"line":15,"column":0},"end":{"line":15,"column":2}},"15":{"start":{"line":16,"column":0},"end":{"line":16,"column":0}},"16":{"start":{"line":17,"column":0},"end":{"line":17,"column":64}}},"s":{"0":1,"1":1,"2":1,"3":1,"4":1,"5":1,"6":1,"7":1,"8":1,"9":1,"10":1,"11":1,"12":1,"13":1,"14":1,"15":1,"16":1},"branchMap":{},"b":{},"fnMap":{},"f":{}}
}
